2025-07-22 19:00:12 - REQUEST / GET / {}
2025-07-22 19:00:12 - RESPONSE / GET / {}
2025-07-22 19:00:12 - REQUEST / GET /error {}
2025-07-22 19:00:12 - RESPONSE / GET /error {}
2025-07-22 19:00:18 - REQUEST / GET /event {}
2025-07-22 19:00:18 - RESPONSE / GET /event {}
2025-07-22 19:00:19 - REQUEST / GET /planingsell {}
2025-07-22 19:00:19 - RESPONSE / GET /planingsell {}
2025-07-22 19:00:20 - REQUEST / GET /anticheat {}
2025-07-22 19:00:20 - RESPONSE / GET /anticheat {}
2025-07-22 19:00:20 - REQUEST / GET /api/anticheat/real-time-monitoring {}
2025-07-22 19:00:20 - RESPONSE / GET /api/anticheat/real-time-monitoring {}
2025-07-22 19:00:20 - REQUEST / GET /planingsell {}
2025-07-22 19:00:20 - RESPONSE / GET /planingsell {}
2025-07-22 19:00:21 - REQUEST / GET /event {}
2025-07-22 19:00:21 - RESPONSE / GET /event {}
2025-07-22 19:00:21 - REQUEST / GET /anticheat {}
2025-07-22 19:00:21 - RESPONSE / GET /anticheat {}
2025-07-22 19:00:21 - REQUEST / GET /api/anticheat/real-time-monitoring {}
2025-07-22 19:00:21 - RESPONSE / GET /api/anticheat/real-time-monitoring {}
2025-07-22 19:00:24 - REQUEST / GET /api/anticheat/real-time-monitoring {}
2025-07-22 19:00:24 - RESPONSE / GET /api/anticheat/real-time-monitoring {}
2025-07-22 19:00:25 - REQUEST / GET / {}
2025-07-22 19:00:26 - RESPONSE / GET / {}
2025-07-22 19:00:26 - REQUEST / GET /error {}
2025-07-22 19:00:26 - RESPONSE / GET /error {}
2025-07-22 19:00:26 - REQUEST / GET /error {}
2025-07-22 19:00:26 - RESPONSE / GET /error {}
2025-07-22 19:00:26 - REQUEST / GET /event {}
2025-07-22 19:00:26 - RESPONSE / GET /event {}
2025-07-22 19:00:27 - REQUEST / GET /event/61 {}
2025-07-22 19:00:27 - RESPONSE / GET /event/61 {}
2025-07-22 19:00:29 - REQUEST / GET / {}
2025-07-22 19:00:29 - RESPONSE / GET / {}
2025-07-22 19:00:29 - REQUEST / GET /error {}
2025-07-22 19:00:29 - RESPONSE / GET /error {}
2025-07-22 19:00:29 - REQUEST / GET /error {}
2025-07-22 19:00:29 - RESPONSE / GET /error {}
2025-07-22 19:00:30 - REQUEST / GET /event {}
2025-07-22 19:00:30 - RESPONSE / GET /event {}
2025-07-22 19:00:32 - REQUEST / GET /event/64 {}
2025-07-22 19:00:32 - RESPONSE / GET /event/64 {}
2025-07-22 19:00:33 - REQUEST / GET / {}
2025-07-22 19:00:33 - RESPONSE / GET / {}
2025-07-22 19:00:33 - REQUEST / GET /error {}
2025-07-22 19:00:33 - RESPONSE / GET /error {}
2025-07-22 19:00:33 - REQUEST / GET /error {}
2025-07-22 19:00:33 - RESPONSE / GET /error {}
2025-07-22 19:00:54 - REQUEST / GET / {}
2025-07-22 19:00:55 - RESPONSE / GET / {}
2025-07-22 19:00:55 - REQUEST / GET /error {}
2025-07-22 19:00:55 - RESPONSE / GET /error {}
2025-07-22 19:01:07 - REQUEST / GET / {}
2025-07-22 19:01:07 - RESPONSE / GET / {}
2025-07-22 19:01:07 - REQUEST / GET /error {}
2025-07-22 19:01:07 - RESPONSE / GET /error {}
2025-07-22 19:04:27 - REQUEST / GET / {}
2025-07-22 19:04:27 - RESPONSE / GET / {}
2025-07-22 19:04:27 - REQUEST / GET /error {}
2025-07-22 19:04:27 - RESPONSE / GET /error {}
2025-07-22 19:04:28 - REQUEST / GET / {}
2025-07-22 19:04:28 - RESPONSE / GET / {}
2025-07-22 19:04:28 - REQUEST / GET /error {}
2025-07-22 19:04:28 - RESPONSE / GET /error {}
2025-07-22 19:04:28 - REQUEST / GET /error {}
2025-07-22 19:04:28 - RESPONSE / GET /error {}
2025-07-22 19:04:29 - REQUEST / GET /detail {id=5}
2025-07-22 19:04:29 - RESPONSE / GET /detail {id=5}
2025-07-22 19:04:29 - REQUEST / GET /error {}
2025-07-22 19:04:29 - RESPONSE / GET /error {}
2025-07-22 19:04:29 - REQUEST / GET /error {}
2025-07-22 19:04:29 - RESPONSE / GET /error {}
2025-07-22 19:04:30 - REQUEST / GET / {}
2025-07-22 19:04:30 - RESPONSE / GET / {}
2025-07-22 19:04:30 - REQUEST / GET /error {}
2025-07-22 19:04:30 - RESPONSE / GET /error {}
2025-07-22 19:04:30 - REQUEST / GET /error {}
2025-07-22 19:04:30 - RESPONSE / GET /error {}
2025-07-22 19:05:08 - REQUEST / GET / {}
2025-07-22 19:05:08 - RESPONSE / GET / {}
2025-07-22 19:05:10 - REQUEST / GET /error {}
2025-07-22 19:05:10 - RESPONSE / GET /error {}
2025-07-22 19:05:10 - REQUEST / GET / {}
2025-07-22 19:05:10 - RESPONSE / GET / {}
2025-07-22 19:05:10 - REQUEST / GET /error {}
2025-07-22 19:05:10 - RESPONSE / GET /error {}
2025-07-22 19:05:10 - REQUEST / GET /error {}
2025-07-22 19:05:10 - RESPONSE / GET /error {}
2025-07-22 19:05:11 - REQUEST / GET / {}
2025-07-22 19:05:12 - RESPONSE / GET / {}
2025-07-22 19:05:12 - REQUEST / GET /error {}
2025-07-22 19:05:12 - RESPONSE / GET /error {}
2025-07-22 19:05:12 - REQUEST / GET /error {}
2025-07-22 19:05:12 - RESPONSE / GET /error {}
2025-07-22 19:05:13 - REQUEST / GET / {}
2025-07-22 19:05:14 - RESPONSE / GET / {}
2025-07-22 19:05:14 - REQUEST / GET /error {}
2025-07-22 19:05:14 - RESPONSE / GET /error {}
2025-07-22 19:05:14 - REQUEST / GET /error {}
2025-07-22 19:05:14 - RESPONSE / GET /error {}
2025-07-22 19:05:15 - REQUEST / GET /detail {id=2}
2025-07-22 19:05:15 - RESPONSE / GET /detail {id=2}
2025-07-22 19:05:15 - REQUEST / GET /error {}
2025-07-22 19:05:15 - RESPONSE / GET /error {}
2025-07-22 19:05:15 - REQUEST / GET /error {}
2025-07-22 19:05:15 - RESPONSE / GET /error {}
2025-07-22 19:05:15 - REQUEST / GET /error {}
2025-07-22 19:05:15 - RESPONSE / GET /error {}
2025-07-22 19:05:16 - REQUEST / GET /error {}
2025-07-22 19:05:16 - RESPONSE / GET /error {}
2025-07-22 19:07:29 - REQUEST / GET / {}
2025-07-22 19:07:29 - RESPONSE / GET / {}
2025-07-22 19:07:29 - REQUEST / GET /error {}
2025-07-22 19:07:29 - RESPONSE / GET /error {}
2025-07-22 19:07:29 - REQUEST / GET /error {}
2025-07-22 19:07:29 - RESPONSE / GET /error {}
2025-07-22 19:07:29 - REQUEST / GET /error {}
2025-07-22 19:07:29 - RESPONSE / GET /error {}
2025-07-22 19:07:29 - REQUEST / GET /error {}
2025-07-22 19:07:29 - RESPONSE / GET /error {}
2025-07-22 19:07:52 - REQUEST / GET / {}
2025-07-22 19:07:53 - RESPONSE / GET / {}
2025-07-22 19:07:53 - REQUEST / GET /error {}
2025-07-22 19:07:53 - RESPONSE / GET /error {}
2025-07-22 19:07:54 - REQUEST / GET / {}
2025-07-22 19:07:54 - RESPONSE / GET / {}
2025-07-22 19:07:54 - REQUEST / GET /error {}
2025-07-22 19:07:54 - RESPONSE / GET /error {}
2025-07-22 19:07:54 - REQUEST / GET /error {}
2025-07-22 19:07:54 - RESPONSE / GET /error {}
2025-07-22 19:07:56 - REQUEST / GET /error {}
2025-07-22 19:07:56 - RESPONSE / GET /error {}
2025-07-22 19:08:16 - REQUEST / GET / {}
2025-07-22 19:08:17 - RESPONSE / GET / {}
2025-07-22 19:08:17 - REQUEST / GET /error {}
2025-07-22 19:08:17 - RESPONSE / GET /error {}
2025-07-22 19:08:21 - REQUEST / GET / {}
2025-07-22 19:08:21 - RESPONSE / GET / {}
2025-07-22 19:08:50 - REQUEST / GET /event {}
2025-07-22 19:08:50 - RESPONSE / GET /event {}
2025-07-22 19:08:50 - REQUEST / GET /planingsell {}
2025-07-22 19:08:50 - RESPONSE / GET /planingsell {}
2025-07-22 19:10:29 - REQUEST / GET / {}
2025-07-22 19:10:30 - RESPONSE / GET / {}
2025-07-22 19:10:31 - REQUEST / GET /planingsell {}
2025-07-22 19:10:31 - RESPONSE / GET /planingsell {}
2025-07-22 19:10:34 - REQUEST / GET /planingDetail {id=P_00000162, comNum=1}
2025-07-22 19:10:34 - RESPONSE / GET /planingDetail {id=P_00000162, comNum=1}
2025-07-22 19:10:36 - REQUEST / GET /login {}
2025-07-22 19:10:36 - RESPONSE / GET /login {}
2025-07-22 19:10:37 - REQUEST / GET /naver/login {}
2025-07-22 19:10:37 - RESPONSE / GET /naver/login {}
2025-07-22 19:10:38 - REQUEST / GET /naver/callback {code=qt9FoiYWRTxawvin37, state=c3da54a1-e78c-4acf-82a2-562fb5f7348a}
2025-07-22 19:10:38 - RESPONSE / GET /naver/callback {code=qt9FoiYWRTxawvin37, state=c3da54a1-e78c-4acf-82a2-562fb5f7348a}
2025-07-22 19:10:38 - REQUEST / GET / {}
2025-07-22 19:10:38 - RESPONSE / GET / {}
2025-07-22 19:10:40 - REQUEST / GET /planingsell {}
2025-07-22 19:10:40 - RESPONSE / GET /planingsell {}
2025-07-22 19:10:41 - REQUEST / GET /planingDetail {id=43, comNum=1}
2025-07-22 19:10:41 - RESPONSE / GET /planingDetail {id=43, comNum=1}
2025-07-22 19:10:42 - REQUEST / GET /error {}
2025-07-22 19:10:42 - RESPONSE / GET /error {}
2025-07-23 08:52:58 - REQUEST / GET / {}
2025-07-23 08:52:58 - RESPONSE / GET / {}
2025-07-23 08:53:07 - REQUEST / GET /admin/login {}
2025-07-23 08:53:07 - RESPONSE / GET /admin/login {}
2025-07-23 08:53:07 - REQUEST / GET /error {}
2025-07-23 08:53:07 - RESPONSE / GET /error {}
2025-07-23 08:53:10 - REQUEST / POST /admin/login {accountType=ADMIN, id=admin01, pass=1234}
2025-07-23 08:53:10 - RESPONSE / POST /admin/login {accountType=ADMIN, id=admin01, pass=1234}
2025-07-23 08:53:10 - REQUEST / GET /admin/home {}
2025-07-23 08:53:10 - RESPONSE / GET /admin/home {}
2025-07-23 08:53:15 - REQUEST / GET /admin/category/categoryList {}
2025-07-23 08:53:15 - RESPONSE / GET /admin/category/categoryList {}
2025-07-23 08:53:23 - REQUEST / PUT /admin/category/6 {_method=put, catNum=6, name=<strong>asdasd</strong>}
2025-07-23 08:53:23 - RESPONSE / PUT /admin/category/6 {_method=put, catNum=6, name=<strong>asdasd</strong>}
2025-07-23 08:53:23 - REQUEST / GET /admin/category/categoryList {}
2025-07-23 08:53:23 - RESPONSE / GET /admin/category/categoryList {}
2025-07-23 08:53:27 - REQUEST / GET / {}
2025-07-23 08:53:27 - RESPONSE / GET / {}
2025-07-23 08:53:29 - REQUEST / GET /search {catNum=6}
2025-07-23 08:53:29 - RESPONSE / GET /search {catNum=6}
2025-07-23 08:54:29 - REQUEST / PUT /admin/category/6 {_method=put, catNum=6, name=상품권}
2025-07-23 08:54:29 - RESPONSE / PUT /admin/category/6 {_method=put, catNum=6, name=상품권}
2025-07-23 08:54:29 - REQUEST / GET /admin/category/categoryList {}
2025-07-23 08:54:29 - RESPONSE / GET /admin/category/categoryList {}
2025-07-23 08:54:31 - REQUEST / GET /admin/category/categoryList {}
2025-07-23 08:54:32 - RESPONSE / GET /admin/category/categoryList {}
2025-07-23 08:54:34 - REQUEST / DELETE /admin/category/11 {_method=delete}
2025-07-23 08:54:34 - RESPONSE / DELETE /admin/category/11 {_method=delete}
2025-07-23 08:54:34 - REQUEST / GET /admin/category/categoryList {}
2025-07-23 08:54:34 - RESPONSE / GET /admin/category/categoryList {}
2025-07-23 08:54:46 - REQUEST / PUT /admin/category/6 {_method=put, catNum=6, name=스마트폰}
2025-07-23 08:54:46 - RESPONSE / PUT /admin/category/6 {_method=put, catNum=6, name=스마트폰}
2025-07-23 08:54:46 - REQUEST / GET /admin/category/categoryList {}
2025-07-23 08:54:46 - RESPONSE / GET /admin/category/categoryList {}
2025-07-23 08:54:47 - REQUEST / GET /admin/notice {}
2025-07-23 08:54:47 - RESPONSE / GET /admin/notice {}
2025-07-23 08:54:50 - REQUEST / GET /admin/planing/planingList {}
2025-07-23 08:54:50 - RESPONSE / GET /admin/planing/planingList {}
2025-07-23 08:54:50 - REQUEST / GET /admin/login {}
2025-07-23 08:54:50 - RESPONSE / GET /admin/login {}
2025-07-23 08:54:50 - REQUEST / GET /admin/home {}
2025-07-23 08:54:50 - RESPONSE / GET /admin/home {}
2025-07-23 08:54:51 - REQUEST / GET /admin/planing/planingOrderList {}
2025-07-23 08:54:51 - RESPONSE / GET /admin/planing/planingOrderList {}
2025-07-23 08:54:51 - REQUEST / GET /admin/login {}
2025-07-23 08:54:51 - RESPONSE / GET /admin/login {}
2025-07-23 08:54:51 - REQUEST / GET /admin/home {}
2025-07-23 08:54:51 - RESPONSE / GET /admin/home {}
2025-07-23 08:54:52 - REQUEST / GET /admin/notice {}
2025-07-23 08:54:52 - RESPONSE / GET /admin/notice {}
2025-07-23 08:54:55 - REQUEST / GET /admin/faq {}
2025-07-23 08:54:55 - RESPONSE / GET /admin/faq {}
2025-07-23 08:54:55 - REQUEST / GET /admin/inquiry {}
2025-07-23 08:54:55 - RESPONSE / GET /admin/inquiry {}
2025-07-23 08:54:57 - REQUEST / GET /admin/event {}
2025-07-23 08:54:57 - RESPONSE / GET /admin/event {}
2025-07-23 08:54:58 - REQUEST / GET /admin/inquiry {}
2025-07-23 08:54:58 - RESPONSE / GET /admin/inquiry {}
2025-07-23 08:54:58 - REQUEST / GET /admin/event {}
2025-07-23 08:54:58 - RESPONSE / GET /admin/event {}
2025-07-23 08:54:59 - REQUEST / GET /admin/inquiry {}
2025-07-23 08:54:59 - RESPONSE / GET /admin/inquiry {}
2025-07-23 08:54:59 - REQUEST / GET /admin/faq {}
2025-07-23 08:54:59 - RESPONSE / GET /admin/faq {}
2025-07-23 08:54:59 - REQUEST / GET /admin/notice {}
2025-07-23 08:54:59 - RESPONSE / GET /admin/notice {}
2025-07-23 08:55:12 - REQUEST / GET /admin/category/categoryList {}
2025-07-23 08:55:12 - RESPONSE / GET /admin/category/categoryList {}
2025-07-23 08:55:16 - REQUEST / GET /admin/planing/planingList {}
2025-07-23 08:55:16 - RESPONSE / GET /admin/planing/planingList {}
2025-07-23 08:55:16 - REQUEST / GET /admin/login {}
2025-07-23 08:55:16 - RESPONSE / GET /admin/login {}
2025-07-23 08:55:16 - REQUEST / GET /admin/home {}
2025-07-23 08:55:16 - RESPONSE / GET /admin/home {}
2025-07-23 08:55:19 - REQUEST / GET /admin/planing/planingList {}
2025-07-23 08:55:19 - RESPONSE / GET /admin/planing/planingList {}
2025-07-23 08:55:19 - REQUEST / GET /admin/login {}
2025-07-23 08:55:19 - RESPONSE / GET /admin/login {}
2025-07-23 08:55:19 - REQUEST / GET /admin/home {}
2025-07-23 08:55:19 - RESPONSE / GET /admin/home {}
2025-07-23 08:55:28 - REQUEST / GET /admin/userProduct {}
2025-07-23 08:55:28 - RESPONSE / GET /admin/userProduct {}
2025-07-23 08:55:31 - REQUEST / GET /admin/userProduct/list {pageNum=4, pageSize=15, searchType=, keyword=, catNum=, statusFilter=all, hideFilter=}
2025-07-23 08:55:31 - RESPONSE / GET /admin/userProduct/list {pageNum=4, pageSize=15, searchType=, keyword=, catNum=, statusFilter=all, hideFilter=}
2025-07-23 08:55:32 - REQUEST / GET /admin/userProduct/list {pageNum=3, pageSize=15, searchType=, keyword=, catNum=, statusFilter=all, hideFilter=}
2025-07-23 08:55:32 - RESPONSE / GET /admin/userProduct/list {pageNum=3, pageSize=15, searchType=, keyword=, catNum=, statusFilter=all, hideFilter=}
2025-07-23 08:55:35 - REQUEST / GET / {}
2025-07-23 08:55:36 - RESPONSE / GET / {}
2025-07-23 08:55:49 - REQUEST / GET /notice {}
2025-07-23 08:55:49 - RESPONSE / GET /notice {}
2025-07-23 08:55:51 - REQUEST / GET /anticheat {}
2025-07-23 08:55:51 - RESPONSE / GET /anticheat {}
2025-07-23 08:55:52 - REQUEST / GET /api/anticheat/real-time-monitoring {}
2025-07-23 08:55:52 - RESPONSE / GET /api/anticheat/real-time-monitoring {}
2025-07-23 08:55:55 - REQUEST / GET /api/anticheat/real-time-monitoring {}
2025-07-23 08:55:55 - RESPONSE / GET /api/anticheat/real-time-monitoring {}
2025-07-23 08:55:58 - REQUEST / GET /api/anticheat/real-time-monitoring {}
2025-07-23 08:55:58 - RESPONSE / GET /api/anticheat/real-time-monitoring {}
2025-07-23 08:56:01 - REQUEST / GET /api/anticheat/real-time-monitoring {}
2025-07-23 08:56:01 - RESPONSE / GET /api/anticheat/real-time-monitoring {}
2025-07-23 08:56:04 - REQUEST / GET /api/anticheat/real-time-monitoring {}
2025-07-23 08:56:04 - RESPONSE / GET /api/anticheat/real-time-monitoring {}
2025-07-23 08:56:07 - REQUEST / GET /api/anticheat/real-time-monitoring {}
2025-07-23 08:56:07 - RESPONSE / GET /api/anticheat/real-time-monitoring {}
2025-07-23 08:56:08 - REQUEST / GET /planingsell {}
2025-07-23 08:56:08 - RESPONSE / GET /planingsell {}
2025-07-23 08:56:14 - REQUEST / GET /planingsell {}
2025-07-23 08:56:14 - RESPONSE / GET /planingsell {}
2025-07-23 08:56:14 - REQUEST / GET /planingsell {}
2025-07-23 08:56:14 - RESPONSE / GET /planingsell {}
2025-07-23 08:56:15 - REQUEST / GET /planingsell {comNum=2}
2025-07-23 08:56:15 - RESPONSE / GET /planingsell {comNum=2}
2025-07-23 08:56:16 - REQUEST / GET /planingsell {comNum=3}
2025-07-23 08:56:16 - RESPONSE / GET /planingsell {comNum=3}
2025-07-23 08:56:17 - REQUEST / GET /planingsell {comNum=2}
2025-07-23 08:56:17 - RESPONSE / GET /planingsell {comNum=2}
2025-07-23 08:56:17 - REQUEST / GET /planingsell {comNum=1}
2025-07-23 08:56:17 - RESPONSE / GET /planingsell {comNum=1}
2025-07-23 08:56:18 - REQUEST / GET /planingDetail {id=P_00000167, comNum=1}
2025-07-23 08:56:18 - RESPONSE / GET /planingDetail {id=P_00000167, comNum=1}
2025-07-23 08:56:19 - REQUEST / GET /login {}
2025-07-23 08:56:19 - RESPONSE / GET /login {}
2025-07-23 08:56:21 - REQUEST / GET /planingsell {}
2025-07-23 08:56:21 - RESPONSE / GET /planingsell {}
2025-07-23 08:56:21 - REQUEST / GET /event {}
2025-07-23 08:56:22 - RESPONSE / GET /event {}
2025-07-23 08:56:25 - REQUEST / GET /planingsell {}
2025-07-23 08:56:25 - RESPONSE / GET /planingsell {}
2025-07-23 08:56:26 - REQUEST / GET /planingsell {comNum=3}
2025-07-23 08:56:26 - RESPONSE / GET /planingsell {comNum=3}
2025-07-23 08:56:42 - REQUEST / GET /planingsell {comNum=2}
2025-07-23 08:56:42 - RESPONSE / GET /planingsell {comNum=2}
2025-07-23 08:58:03 - REQUEST / GET /search {catNum=6}
2025-07-23 08:58:03 - RESPONSE / GET /search {catNum=6}
2025-07-23 08:58:10 - REQUEST / GET / {}
2025-07-23 08:58:10 - RESPONSE / GET / {}
2025-07-23 08:58:21 - REQUEST / GET /login {}
2025-07-23 08:58:21 - RESPONSE / GET /login {}
2025-07-23 08:58:22 - REQUEST / GET / {}
2025-07-23 08:58:22 - RESPONSE / GET / {}
2025-07-23 08:58:27 - REQUEST / GET /search {keyword=삼성}
2025-07-23 08:58:27 - RESPONSE / GET /search {keyword=삼성}
2025-07-23 08:58:28 - REQUEST / GET /detail {id=1}
2025-07-23 08:58:28 - RESPONSE / GET /detail {id=1}
2025-07-23 08:58:31 - REQUEST / GET /seller {id=1}
2025-07-23 08:58:31 - RESPONSE / GET /seller {id=1}
2025-07-23 08:58:52 - REQUEST / GET / {}
2025-07-23 08:58:53 - RESPONSE / GET / {}
2025-07-23 08:59:22 - REQUEST / GET /notice {}
2025-07-23 08:59:22 - RESPONSE / GET /notice {}
2025-07-23 08:59:26 - REQUEST / GET / {}
2025-07-23 08:59:26 - RESPONSE / GET / {}
2025-07-23 08:59:27 - REQUEST / GET /error {}
2025-07-23 08:59:27 - RESPONSE / GET /error {}
2025-07-23 08:59:28 - REQUEST / GET / {}
2025-07-23 08:59:29 - RESPONSE / GET / {}
2025-07-23 08:59:30 - REQUEST / GET /login {}
2025-07-23 08:59:30 - RESPONSE / GET /login {}
2025-07-23 08:59:30 - REQUEST / GET /naver/login {}
2025-07-23 08:59:30 - RESPONSE / GET /naver/login {}
2025-07-23 08:59:31 - REQUEST / GET /naver/callback {code=HS8dfsk8txp1jrgtYW, state=e1b9a203-fe81-46a5-84e4-fbb943141ca2}
2025-07-23 08:59:32 - RESPONSE / GET /naver/callback {code=HS8dfsk8txp1jrgtYW, state=e1b9a203-fe81-46a5-84e4-fbb943141ca2}
2025-07-23 08:59:32 - REQUEST / GET / {}
2025-07-23 08:59:32 - RESPONSE / GET / {}
2025-07-23 08:59:33 - REQUEST / GET /login {}
2025-07-23 08:59:33 - RESPONSE / GET /login {}
2025-07-23 08:59:34 - REQUEST / GET /naver/login {}
2025-07-23 08:59:34 - RESPONSE / GET /naver/login {}
2025-07-23 08:59:35 - REQUEST / GET /naver/callback {code=29inIRIHqTLCakglli, state=f582023a-7f15-407a-b0cf-544cfd445b70}
2025-07-23 08:59:35 - RESPONSE / GET /naver/callback {code=29inIRIHqTLCakglli, state=f582023a-7f15-407a-b0cf-544cfd445b70}
2025-07-23 08:59:35 - REQUEST / GET / {}
2025-07-23 08:59:35 - RESPONSE / GET / {}
2025-07-23 08:59:36 - REQUEST / GET /error {}
2025-07-23 08:59:36 - RESPONSE / GET /error {}
2025-07-23 08:59:43 - REQUEST / GET / {}
2025-07-23 08:59:43 - RESPONSE / GET / {}
2025-07-23 08:59:43 - REQUEST / GET /error {}
2025-07-23 08:59:43 - RESPONSE / GET /error {}
2025-07-23 08:59:43 - REQUEST / GET /error {t=1753228783404}
2025-07-23 08:59:43 - RESPONSE / GET /error {t=1753228783404}
2025-07-23 08:59:43 - REQUEST / GET /login {}
2025-07-23 08:59:43 - RESPONSE / GET /login {}
2025-07-23 08:59:43 - REQUEST / GET /error {}
2025-07-23 08:59:43 - RESPONSE / GET /error {}
2025-07-23 08:59:43 - REQUEST / GET /error {t=1753228783966}
2025-07-23 08:59:43 - RESPONSE / GET /error {t=1753228783966}
2025-07-23 08:59:44 - REQUEST / GET /naver/login {}
2025-07-23 08:59:44 - RESPONSE / GET /naver/login {}
2025-07-23 08:59:45 - REQUEST / GET /naver/callback {code=lTCrkRB20XsP8AMG3k, state=4f88672e-1de8-4415-b2fb-faffb79f00c7}
2025-07-23 08:59:45 - RESPONSE / GET /naver/callback {code=lTCrkRB20XsP8AMG3k, state=4f88672e-1de8-4415-b2fb-faffb79f00c7}
2025-07-23 08:59:45 - REQUEST / GET / {}
2025-07-23 08:59:45 - RESPONSE / GET / {}
2025-07-23 08:59:45 - REQUEST / GET /error {}
2025-07-23 08:59:45 - RESPONSE / GET /error {}
2025-07-23 09:00:56 - REQUEST / GET /admin/login {}
2025-07-23 09:00:56 - RESPONSE / GET /admin/login {}
2025-07-23 09:00:56 - REQUEST / GET /error {}
2025-07-23 09:00:56 - RESPONSE / GET /error {}
2025-07-23 09:01:01 - REQUEST / POST /admin/login {accountType=ADMIN, id=admin01, pass=1234}
2025-07-23 09:01:01 - RESPONSE / POST /admin/login {accountType=ADMIN, id=admin01, pass=1234}
2025-07-23 09:01:01 - REQUEST / GET /admin/home {}
2025-07-23 09:01:01 - RESPONSE / GET /admin/home {}
2025-07-23 09:01:01 - REQUEST / GET /error {}
2025-07-23 09:01:01 - RESPONSE / GET /error {}
2025-07-23 09:01:03 - REQUEST / GET /admin/category/categoryList {}
2025-07-23 09:01:03 - RESPONSE / GET /admin/category/categoryList {}
2025-07-23 09:01:03 - REQUEST / GET /error {}
2025-07-23 09:01:03 - RESPONSE / GET /error {}
2025-07-23 09:01:07 - REQUEST / PUT /admin/category/6 {_method=put, catNum=6, name=의류/잡화}
2025-07-23 09:01:07 - RESPONSE / PUT /admin/category/6 {_method=put, catNum=6, name=의류/잡화}
2025-07-23 09:01:07 - REQUEST / GET /admin/category/categoryList {}
2025-07-23 09:01:07 - RESPONSE / GET /admin/category/categoryList {}
2025-07-23 09:01:07 - REQUEST / GET /error {}
2025-07-23 09:01:07 - RESPONSE / GET /error {}
2025-07-23 09:01:14 - REQUEST / GET /admin/category/categoryList {}
2025-07-23 09:01:14 - RESPONSE / GET /admin/category/categoryList {}
2025-07-23 09:01:14 - REQUEST / GET /error {}
2025-07-23 09:01:14 - RESPONSE / GET /error {}
2025-07-23 09:01:20 - REQUEST / GET /admin/logout {}
2025-07-23 09:01:20 - RESPONSE / GET /admin/logout {}
2025-07-23 09:01:20 - REQUEST / GET /admin/login {}
2025-07-23 09:01:20 - RESPONSE / GET /admin/login {}
2025-07-23 09:01:20 - REQUEST / GET /error {}
2025-07-23 09:01:20 - RESPONSE / GET /error {}
2025-07-23 09:01:25 - REQUEST / GET /admin/login {}
2025-07-23 09:01:25 - RESPONSE / GET /admin/login {}
2025-07-22 23:10:21 - REQUEST / GET / {}
2025-07-22 23:10:30 - RESPONSE / GET / {}
2025-07-22 23:10:38 - REQUEST / GET / {}
2025-07-22 23:10:43 - RESPONSE / GET / {}
2025-07-22 23:10:45 - REQUEST / GET /event/64 {}
2025-07-22 23:10:46 - RESPONSE / GET /event/64 {}
2025-07-22 23:10:47 - REQUEST / GET / {}
2025-07-22 23:10:50 - REQUEST / GET /error {}
2025-07-22 23:10:50 - RESPONSE / GET /error {}
2025-07-22 23:10:53 - RESPONSE / GET / {}
2025-07-22 23:10:53 - REQUEST / GET /error {}
2025-07-22 23:10:53 - RESPONSE / GET /error {}
2025-07-22 23:10:56 - REQUEST / GET /login {}
2025-07-22 23:10:56 - RESPONSE / GET /login {}
2025-07-22 23:10:57 - REQUEST / GET /naver/login {}
2025-07-22 23:10:57 - RESPONSE / GET /naver/login {}
2025-07-22 23:11:10 - REQUEST / GET /naver/callback {code=rufhvdyYUaCZK7RrPb, state=94cc1596-9d29-46d1-9ece-2754e87f634e}
2025-07-22 23:11:11 - RESPONSE / GET /naver/callback {code=rufhvdyYUaCZK7RrPb, state=94cc1596-9d29-46d1-9ece-2754e87f634e}
2025-07-22 23:11:11 - REQUEST / GET / {}
2025-07-22 23:11:17 - RESPONSE / GET / {}
2025-07-22 23:11:20 - REQUEST / GET /product/wishlist {}
2025-07-22 23:11:20 - RESPONSE / GET /product/wishlist {}
2025-07-22 23:11:23 - REQUEST / GET /product/wish {prdNum=2}
2025-07-22 23:11:23 - RESPONSE / GET /product/wish {prdNum=2}
2025-07-22 23:11:24 - REQUEST / GET /product/wishlist {}
2025-07-22 23:11:24 - RESPONSE / GET /product/wishlist {}
2025-07-22 23:11:26 - REQUEST / GET /detail {id=2}
2025-07-22 23:11:27 - RESPONSE / GET /detail {id=2}
2025-07-22 23:11:29 - REQUEST / GET /product/wishlist {}
2025-07-22 23:11:29 - RESPONSE / GET /product/wishlist {}
2025-07-22 23:11:30 - REQUEST / GET /detail {id=2}
2025-07-22 23:11:31 - RESPONSE / GET /detail {id=2}
2025-07-22 23:11:32 - REQUEST / GET /product/wishlist {}
2025-07-22 23:11:32 - RESPONSE / GET /product/wishlist {}
2025-07-22 23:11:33 - REQUEST / GET /detail {id=2}
2025-07-22 23:11:33 - REQUEST / GET /product/wish {prdNum=2}
2025-07-22 23:11:33 - RESPONSE / GET /product/wish {prdNum=2}
2025-07-22 23:11:33 - REQUEST / GET /product/wishlist {}
2025-07-22 23:11:33 - RESPONSE / GET /product/wishlist {}
2025-07-22 23:11:34 - RESPONSE / GET /detail {id=2}
2025-07-22 23:11:35 - REQUEST / GET / {}
2025-07-22 23:11:40 - RESPONSE / GET / {}
2025-07-22 23:25:44 - REQUEST / GET / {}
2025-07-22 23:25:51 - RESPONSE / GET / {}
2025-07-22 23:25:56 - REQUEST / GET /admin/login {}
2025-07-22 23:25:56 - RESPONSE / GET /admin/login {}
2025-07-22 23:25:56 - REQUEST / GET /error {}
2025-07-22 23:25:56 - RESPONSE / GET /error {}
2025-07-22 23:26:00 - REQUEST / POST /admin/login {accountType=ADMIN, id=admin01, pass=1234}
2025-07-22 23:26:00 - RESPONSE / POST /admin/login {accountType=ADMIN, id=admin01, pass=1234}
2025-07-22 23:26:00 - REQUEST / GET /admin/home {}
2025-07-22 23:26:00 - RESPONSE / GET /admin/home {}
2025-07-22 23:26:04 - REQUEST / GET /admin/notice {}
2025-07-22 23:26:04 - RESPONSE / GET /admin/notice {}
2025-07-22 23:29:20 - REQUEST / GET / {}
2025-07-22 23:29:25 - RESPONSE / GET / {}
2025-07-22 23:29:29 - REQUEST / GET /detail {id=P_00000082}
2025-07-22 23:29:30 - RESPONSE / GET /detail {id=P_00000082}
2025-07-22 23:29:31 - REQUEST / POST /sameUser {}
2025-07-22 23:29:31 - RESPONSE / POST /sameUser {}
2025-07-22 23:29:31 - REQUEST / GET /buy/P_00000082 {}
2025-07-22 23:29:31 - RESPONSE / GET /buy/P_00000082 {}
2025-07-22 23:29:32 - REQUEST / POST /sameUser {}
2025-07-22 23:29:32 - RESPONSE / POST /sameUser {}
2025-07-22 23:29:35 - REQUEST / GET /login {}
2025-07-22 23:29:35 - RESPONSE / GET /login {}
2025-07-22 23:29:37 - REQUEST / GET /naver/login {}
2025-07-22 23:29:37 - RESPONSE / GET /naver/login {}
2025-07-22 23:29:39 - REQUEST / GET /login {}
2025-07-22 23:29:39 - RESPONSE / GET /login {}
2025-07-22 23:29:40 - REQUEST / GET /kakao/login {}
2025-07-22 23:29:40 - RESPONSE / GET /kakao/login {}
2025-07-22 23:29:41 - REQUEST / GET /login {}
2025-07-22 23:29:41 - RESPONSE / GET /login {}
2025-07-22 23:29:42 - REQUEST / GET / {}
2025-07-22 23:29:47 - RESPONSE / GET / {}
2025-07-22 23:29:54 - REQUEST / GET /event/61 {}
2025-07-22 23:29:55 - RESPONSE / GET /event/61 {}
2025-07-22 23:29:58 - REQUEST / GET /event {}
2025-07-22 23:30:03 - RESPONSE / GET /event {}
2025-07-22 23:30:04 - REQUEST / GET /notice {}
2025-07-22 23:30:04 - RESPONSE / GET /notice {}
2025-07-22 23:30:09 - REQUEST / GET /serviceCenter {}
2025-07-22 23:30:09 - RESPONSE / GET /serviceCenter {}
2025-07-22 23:30:11 - REQUEST / GET /serviceCenter {type=거래문의}
2025-07-22 23:30:11 - RESPONSE / GET /serviceCenter {type=거래문의}
2025-07-22 23:30:12 - REQUEST / GET /serviceCenter {type=이용문의}
2025-07-22 23:30:12 - RESPONSE / GET /serviceCenter {type=이용문의}
2025-07-22 23:30:13 - REQUEST / GET /serviceCenter {type=회원/계정}
2025-07-22 23:30:13 - RESPONSE / GET /serviceCenter {type=회원/계정}
2025-07-22 23:30:13 - REQUEST / GET /serviceCenter {type=운영정책}
2025-07-22 23:30:13 - RESPONSE / GET /serviceCenter {type=운영정책}
2025-07-22 23:30:14 - REQUEST / GET /serviceCenter {type=기타}
2025-07-22 23:30:14 - RESPONSE / GET /serviceCenter {type=기타}
2025-07-22 23:30:15 - REQUEST / GET /serviceCenter {type=}
2025-07-22 23:30:15 - RESPONSE / GET /serviceCenter {type=}
2025-07-22 23:30:18 - REQUEST / GET /inquiry {}
2025-07-22 23:30:18 - RESPONSE / GET /inquiry {}
2025-07-22 23:30:24 - REQUEST / GET /inquiry {}
2025-07-22 23:30:24 - RESPONSE / GET /inquiry {}
2025-07-22 23:30:24 - REQUEST / GET /inquiry/list {}
2025-07-22 23:30:24 - RESPONSE / GET /inquiry/list {}
2025-07-22 23:30:25 - REQUEST / GET /inquiry {}
2025-07-22 23:30:25 - RESPONSE / GET /inquiry {}
2025-07-22 23:30:25 - REQUEST / GET /inquiry/list {}
2025-07-22 23:30:25 - RESPONSE / GET /inquiry/list {}
2025-07-22 23:30:27 - REQUEST / GET /inquiry {}
2025-07-22 23:30:27 - RESPONSE / GET /inquiry {}
2025-07-22 23:30:29 - REQUEST / GET /error {}
2025-07-22 23:30:29 - RESPONSE / GET /error {}
2025-07-22 23:30:37 - REQUEST / GET / {}
2025-07-22 23:30:42 - RESPONSE / GET / {}
2025-07-22 23:32:01 - REQUEST / GET /product/wish {prdNum=3}
2025-07-22 23:32:01 - RESPONSE / GET /product/wish {prdNum=3}
2025-07-22 23:32:02 - REQUEST / GET /product/wishlist {}
2025-07-22 23:32:02 - RESPONSE / GET /product/wishlist {}
2025-07-22 23:32:05 - REQUEST / GET /product/wish {prdNum=5}
2025-07-22 23:32:05 - RESPONSE / GET /product/wish {prdNum=5}
2025-07-22 23:32:06 - REQUEST / GET /product/wishlist {}
2025-07-22 23:32:06 - RESPONSE / GET /product/wishlist {}
2025-07-22 23:32:10 - REQUEST / GET /error {}
2025-07-22 23:32:10 - RESPONSE / GET /error {}
2025-07-22 23:32:14 - REQUEST / GET / {}
2025-07-22 23:32:19 - RESPONSE / GET / {}
2025-07-22 23:32:19 - REQUEST / GET /error {}
2025-07-22 23:32:19 - RESPONSE / GET /error {}
2025-07-22 23:32:23 - REQUEST / GET /login {}
2025-07-22 23:32:23 - RESPONSE / GET /login {}
2025-07-22 23:32:23 - REQUEST / GET /error {}
2025-07-22 23:32:23 - RESPONSE / GET /error {}
2025-07-22 23:32:24 - REQUEST / GET /naver/login {}
2025-07-22 23:32:24 - RESPONSE / GET /naver/login {}
2025-07-22 23:32:37 - REQUEST / GET /naver/callback {code=k8Qen66XhQ0CJqXS5G, state=159a662d-5b3e-4e7b-a7a1-f56f0f03b489}
2025-07-22 23:32:37 - RESPONSE / GET /naver/callback {code=k8Qen66XhQ0CJqXS5G, state=159a662d-5b3e-4e7b-a7a1-f56f0f03b489}
2025-07-22 23:32:37 - REQUEST / GET / {}
2025-07-22 23:32:43 - RESPONSE / GET / {}
2025-07-22 23:32:43 - REQUEST / GET /error {}
2025-07-22 23:32:43 - RESPONSE / GET /error {}
2025-07-22 23:32:47 - REQUEST / GET /product/wishlist {}
2025-07-22 23:32:47 - RESPONSE / GET /product/wishlist {}
2025-07-22 23:32:48 - REQUEST / GET /product/wish {prdNum=3}
2025-07-22 23:32:48 - REQUEST / GET /detail {id=3}
2025-07-22 23:32:49 - RESPONSE / GET /product/wish {prdNum=3}
2025-07-22 23:32:49 - REQUEST / GET /product/wishlist {}
2025-07-22 23:32:49 - RESPONSE / GET /product/wishlist {}
2025-07-22 23:32:49 - RESPONSE / GET /detail {id=3}
2025-07-22 23:32:49 - REQUEST / GET /error {}
2025-07-22 23:32:49 - RESPONSE / GET /error {}
2025-07-22 23:32:50 - REQUEST / GET /product/wishlist {}
2025-07-22 23:32:50 - RESPONSE / GET /product/wishlist {}
2025-07-22 23:32:52 - REQUEST / GET /detail {id=5}
2025-07-22 23:32:52 - REQUEST / GET /product/wish {prdNum=5}
2025-07-22 23:32:52 - RESPONSE / GET /product/wish {prdNum=5}
2025-07-22 23:32:52 - REQUEST / GET /product/wishlist {}
2025-07-22 23:32:52 - RESPONSE / GET /product/wishlist {}
2025-07-22 23:32:52 - RESPONSE / GET /detail {id=5}
2025-07-22 23:32:53 - REQUEST / GET /error {}
2025-07-22 23:32:53 - RESPONSE / GET /error {}
2025-07-22 23:34:02 - REQUEST / GET /detail {id=5}
2025-07-22 23:34:03 - RESPONSE / GET /detail {id=5}
2025-07-22 23:34:03 - REQUEST / GET /error {}
2025-07-22 23:34:03 - RESPONSE / GET /error {}
2025-07-22 23:34:12 - REQUEST / GET /detail {id=5}
2025-07-22 23:34:13 - RESPONSE / GET /detail {id=5}
2025-07-22 23:34:13 - REQUEST / GET /error {}
2025-07-22 23:34:13 - RESPONSE / GET /error {}
2025-07-22 23:34:15 - REQUEST / GET / {}
2025-07-22 23:34:20 - RESPONSE / GET / {}
2025-07-22 23:34:20 - REQUEST / GET /error {}
2025-07-22 23:34:20 - RESPONSE / GET /error {}
2025-07-22 23:34:22 - REQUEST / GET /detail {id=3}
2025-07-22 23:34:23 - RESPONSE / GET /detail {id=3}
2025-07-22 23:34:23 - REQUEST / GET /error {}
2025-07-22 23:34:23 - RESPONSE / GET /error {}
2025-07-22 23:34:27 - REQUEST / GET /product/wishlist {}
2025-07-22 23:34:27 - RESPONSE / GET /product/wishlist {}
2025-07-22 23:34:28 - REQUEST / GET / {}
2025-07-22 23:34:33 - RESPONSE / GET / {}
2025-07-22 23:34:33 - REQUEST / GET /error {}
2025-07-22 23:34:33 - RESPONSE / GET /error {}
2025-07-22 23:34:35 - REQUEST / GET /product/wish {prdNum=3}
2025-07-22 23:34:35 - RESPONSE / GET /product/wish {prdNum=3}
2025-07-22 23:34:37 - REQUEST / GET /product/wish {prdNum=5}
2025-07-22 23:34:37 - RESPONSE / GET /product/wish {prdNum=5}
2025-07-22 23:34:39 - REQUEST / GET /product/wishlist {}
2025-07-22 23:34:39 - RESPONSE / GET /product/wishlist {}
2025-07-22 23:34:40 - REQUEST / GET /product/wish {prdNum=5}
2025-07-22 23:34:40 - RESPONSE / GET /product/wish {prdNum=5}
2025-07-22 23:34:41 - REQUEST / GET /product/wishlist {}
2025-07-22 23:34:41 - RESPONSE / GET /product/wishlist {}
2025-07-22 23:34:55 - REQUEST / GET / {}
2025-07-22 23:35:00 - RESPONSE / GET / {}
2025-07-22 23:35:00 - REQUEST / GET /error {}
2025-07-22 23:35:00 - RESPONSE / GET /error {}
2025-07-22 23:35:02 - REQUEST / GET /product/wishlist {}
2025-07-22 23:35:02 - RESPONSE / GET /product/wishlist {}
2025-07-22 23:35:07 - REQUEST / GET /product/wish {prdNum=5}
2025-07-22 23:35:07 - RESPONSE / GET /product/wish {prdNum=5}
2025-07-22 23:35:09 - REQUEST / GET /product/wish {prdNum=2}
2025-07-22 23:35:09 - RESPONSE / GET /product/wish {prdNum=2}
2025-07-22 23:35:11 - REQUEST / GET /product/wish {prdNum=4}
2025-07-22 23:35:11 - RESPONSE / GET /product/wish {prdNum=4}
2025-07-22 23:35:13 - REQUEST / GET /product/wishlist {}
2025-07-22 23:35:13 - RESPONSE / GET /product/wishlist {}
2025-07-22 23:35:18 - REQUEST / GET /detail {id=undefined}
2025-07-22 23:35:18 - REQUEST / GET /error {id=undefined}
2025-07-22 23:35:18 - RESPONSE / GET /error {id=undefined}
2025-07-22 23:35:19 - REQUEST / GET /error {}
2025-07-22 23:35:19 - RESPONSE / GET /error {}
2025-07-22 23:35:19 - REQUEST / GET /error {}
2025-07-22 23:35:19 - RESPONSE / GET /error {}
2025-07-22 23:35:35 - REQUEST / GET / {}
2025-07-22 23:35:40 - RESPONSE / GET / {}
2025-07-22 23:35:40 - REQUEST / GET /error {}
2025-07-22 23:35:40 - RESPONSE / GET /error {}
2025-07-23 16:37:31 - REQUEST / GET / {}
2025-07-23 16:37:31 - RESPONSE / GET / {}
2025-07-23 16:37:34 - REQUEST / GET /planingsell {}
2025-07-23 16:37:34 - RESPONSE / GET /planingsell {}
2025-07-23 16:37:36 - REQUEST / GET /planingDetail {id=43, comNum=1}
2025-07-23 16:37:36 - RESPONSE / GET /planingDetail {id=43, comNum=1}
2025-07-23 16:37:40 - REQUEST / GET /login {}
2025-07-23 16:37:40 - RESPONSE / GET /login {}
2025-07-23 16:37:40 - REQUEST / GET /naver/login {}
2025-07-23 16:37:40 - RESPONSE / GET /naver/login {}
2025-07-23 16:37:41 - REQUEST / GET /naver/callback {code=EeHZu6eyNyf1bFxGay, state=4760ca32-7329-47bd-8bae-43fb0c78db26}
2025-07-23 16:37:41 - RESPONSE / GET /naver/callback {code=EeHZu6eyNyf1bFxGay, state=4760ca32-7329-47bd-8bae-43fb0c78db26}
2025-07-23 16:37:41 - REQUEST / GET / {}
2025-07-23 16:37:42 - RESPONSE / GET / {}
2025-07-23 16:37:43 - REQUEST / GET /detail {id=5}
2025-07-23 16:37:43 - RESPONSE / GET /detail {id=5}
2025-07-23 16:37:44 - REQUEST / GET /planingsell {}
2025-07-23 16:37:44 - RESPONSE / GET /planingsell {}
2025-07-23 16:37:44 - REQUEST / GET /planingDetail {id=43, comNum=1}
2025-07-23 16:37:44 - RESPONSE / GET /planingDetail {id=43, comNum=1}
2025-07-23 16:37:45 - REQUEST / GET /error {}
2025-07-23 16:37:45 - RESPONSE / GET /error {}
2025-07-23 16:37:45 - REQUEST / GET /error {}
2025-07-23 16:37:45 - RESPONSE / GET /error {}
2025-07-23 16:38:01 - REQUEST / GET /planingDetail {id=43, comNum=1}
2025-07-23 16:38:01 - RESPONSE / GET /planingDetail {id=43, comNum=1}
2025-07-23 16:39:15 - REQUEST / GET /planingDetail {id=43, comNum=1}
2025-07-23 16:39:15 - RESPONSE / GET /planingDetail {id=43, comNum=1}
2025-07-23 16:40:21 - REQUEST / GET /planingDetail {id=43, comNum=1}
2025-07-23 16:40:21 - RESPONSE / GET /planingDetail {id=43, comNum=1}
2025-07-23 16:40:21 - REQUEST / GET /planingDetail {id=43, comNum=1}
2025-07-23 16:40:21 - RESPONSE / GET /planingDetail {id=43, comNum=1}
2025-07-23 16:41:22 - REQUEST / GET /planingDetail {id=43, comNum=1}
2025-07-23 16:41:22 - RESPONSE / GET /planingDetail {id=43, comNum=1}
2025-07-23 16:41:22 - REQUEST / GET /planingDetail {id=43, comNum=1}
2025-07-23 16:41:22 - RESPONSE / GET /planingDetail {id=43, comNum=1}
2025-07-23 16:41:24 - REQUEST / GET /planingsell {}
2025-07-23 16:41:24 - RESPONSE / GET /planingsell {}
2025-07-23 16:41:25 - REQUEST / GET /planingsell {}
2025-07-23 16:41:25 - RESPONSE / GET /planingsell {}
2025-07-23 16:41:25 - REQUEST / GET /planingDetail {id=31, comNum=1}
2025-07-23 16:41:25 - RESPONSE / GET /planingDetail {id=31, comNum=1}
2025-07-23 16:41:25 - REQUEST / GET /planingDetail {id=31, comNum=1}
2025-07-23 16:41:25 - RESPONSE / GET /planingDetail {id=31, comNum=1}
2025-07-23 16:42:46 - REQUEST / GET /planingDetail {id=31, comNum=1}
2025-07-23 16:42:46 - RESPONSE / GET /planingDetail {id=31, comNum=1}
2025-07-23 16:42:46 - REQUEST / GET /planingDetail {id=31, comNum=1}
2025-07-23 16:42:46 - RESPONSE / GET /planingDetail {id=31, comNum=1}
2025-07-23 16:43:04 - REQUEST / GET /planingDetail {id=31, comNum=1}
2025-07-23 16:43:04 - RESPONSE / GET /planingDetail {id=31, comNum=1}
2025-07-23 16:44:14 - REQUEST / GET /planingDetail {id=31, comNum=1}
2025-07-23 16:44:14 - RESPONSE / GET /planingDetail {id=31, comNum=1}
2025-07-23 16:44:15 - REQUEST / GET /buy/31 {}
2025-07-23 16:44:15 - RESPONSE / GET /buy/31 {}
2025-07-23 16:44:15 - REQUEST / POST /sameUser {}
2025-07-23 16:44:15 - RESPONSE / POST /sameUser {}
2025-07-23 16:44:16 - REQUEST / GET /planingDetail {id=31, comNum=1}
2025-07-23 16:44:16 - RESPONSE / GET /planingDetail {id=31, comNum=1}
2025-07-23 16:44:19 - REQUEST / GET /buy/31 {}
2025-07-23 16:44:19 - RESPONSE / GET /buy/31 {}
2025-07-23 16:44:19 - REQUEST / POST /sameUser {}
2025-07-23 16:44:19 - RESPONSE / POST /sameUser {}
2025-07-23 16:44:21 - REQUEST / GET / {}
2025-07-23 16:44:21 - RESPONSE / GET / {}
2025-07-23 16:44:22 - REQUEST / GET /detail {id=4}
2025-07-23 16:44:22 - RESPONSE / GET /detail {id=4}
2025-07-23 16:44:26 - REQUEST / GET / {}
2025-07-23 16:44:27 - RESPONSE / GET / {}
2025-07-23 16:44:28 - REQUEST / GET /detail {id=4}
2025-07-23 16:44:28 - RESPONSE / GET /detail {id=4}
2025-07-23 16:45:01 - REQUEST / POST /sameUser {}
2025-07-23 16:45:01 - RESPONSE / POST /sameUser {}
2025-07-23 16:45:01 - REQUEST / GET /buy/4 {}
2025-07-23 16:45:01 - RESPONSE / GET /buy/4 {}
2025-07-23 16:45:01 - REQUEST / POST /sameUser {}
2025-07-23 16:45:01 - RESPONSE / POST /sameUser {}
2025-07-23 16:48:32 - REQUEST / GET / {}
2025-07-23 16:48:33 - RESPONSE / GET / {}
2025-07-23 16:48:35 - REQUEST / GET /chat {}
2025-07-23 16:48:35 - RESPONSE / GET /chat {}
2025-07-23 16:48:35 - REQUEST / GET /chat/rooms {}
2025-07-23 16:48:35 - RESPONSE / GET /chat/rooms {}
2025-07-23 16:48:38 - REQUEST / GET /error {}
2025-07-23 16:48:38 - RESPONSE / GET /error {}
2025-07-23 16:48:43 - REQUEST / GET /detail {id=5}
2025-07-23 16:48:43 - RESPONSE / GET /detail {id=5}
2025-07-23 16:48:45 - REQUEST / GET /chat/create {prdNum=5, sellerNum=2}
2025-07-23 16:48:45 - RESPONSE / GET /chat/create {prdNum=5, sellerNum=2}
2025-07-23 16:48:47 - REQUEST / GET /chat {}
2025-07-23 16:48:47 - RESPONSE / GET /chat {}
2025-07-23 16:48:47 - REQUEST / GET /chat/rooms {}
2025-07-23 16:48:47 - RESPONSE / GET /chat/rooms {}
2025-07-23 16:48:48 - REQUEST / GET /error {}
2025-07-23 16:48:48 - RESPONSE / GET /error {}
2025-07-23 16:48:52 - REQUEST / GET /error {}
2025-07-23 16:48:52 - RESPONSE / GET /error {}
2025-07-23 16:48:54 - REQUEST / GET /error {}
2025-07-23 16:48:54 - RESPONSE / GET /error {}
2025-07-23 16:48:55 - REQUEST / GET /error {}
2025-07-23 16:48:55 - RESPONSE / GET /error {}
2025-07-23 16:48:57 - REQUEST / GET /product/wish {prdNum=5}
2025-07-23 16:48:57 - RESPONSE / GET /product/wish {prdNum=5}
2025-07-23 16:48:59 - REQUEST / GET /product/wishlist {}
2025-07-23 16:48:59 - RESPONSE / GET /product/wishlist {}
2025-07-23 16:49:00 - REQUEST / GET /product/wish {prdNum=5}
2025-07-23 16:49:00 - RESPONSE / GET /product/wish {prdNum=5}
2025-07-23 16:49:00 - REQUEST / GET /product/wishlist {}
2025-07-23 16:49:00 - RESPONSE / GET /product/wishlist {}
2025-07-23 16:49:02 - REQUEST / GET /product/wish {prdNum=5}
2025-07-23 16:49:02 - RESPONSE / GET /product/wish {prdNum=5}
2025-07-23 16:49:04 - REQUEST / GET /product/wish {prdNum=5}
2025-07-23 16:49:04 - RESPONSE / GET /product/wish {prdNum=5}
2025-07-23 16:49:06 - REQUEST / GET /product/wish {prdNum=5}
2025-07-23 16:49:06 - RESPONSE / GET /product/wish {prdNum=5}
2025-07-23 16:49:07 - REQUEST / GET /product/wish {prdNum=5}
2025-07-23 16:49:07 - RESPONSE / GET /product/wish {prdNum=5}
2025-07-23 16:49:09 - REQUEST / GET / {}
2025-07-23 16:49:09 - RESPONSE / GET / {}
2025-07-23 16:49:12 - REQUEST / GET /product/wish {prdNum=12}
2025-07-23 16:49:12 - RESPONSE / GET /product/wish {prdNum=12}
2025-07-23 16:49:13 - REQUEST / GET /product/wish {prdNum=18}
2025-07-23 16:49:13 - RESPONSE / GET /product/wish {prdNum=18}
2025-07-23 16:49:14 - REQUEST / GET /product/wish {prdNum=9}
2025-07-23 16:49:14 - RESPONSE / GET /product/wish {prdNum=9}
2025-07-23 16:49:15 - REQUEST / GET /product/wish {prdNum=15}
2025-07-23 16:49:15 - RESPONSE / GET /product/wish {prdNum=15}
2025-07-23 16:49:15 - REQUEST / GET /product/wish {prdNum=6}
2025-07-23 16:49:15 - RESPONSE / GET /product/wish {prdNum=6}
2025-07-23 16:49:17 - REQUEST / GET /product/wish {prdNum=4}
2025-07-23 16:49:17 - RESPONSE / GET /product/wish {prdNum=4}
2025-07-23 16:49:17 - REQUEST / GET /product/wish {prdNum=5}
2025-07-23 16:49:17 - RESPONSE / GET /product/wish {prdNum=5}
2025-07-23 16:49:18 - REQUEST / GET /product/wish {prdNum=2}
2025-07-23 16:49:18 - RESPONSE / GET /product/wish {prdNum=2}
2025-07-23 16:49:18 - REQUEST / GET /product/wish {prdNum=6}
2025-07-23 16:49:18 - RESPONSE / GET /product/wish {prdNum=6}
2025-07-23 16:49:19 - REQUEST / GET /product/wish {prdNum=7}
2025-07-23 16:49:19 - RESPONSE / GET /product/wish {prdNum=7}
2025-07-23 16:49:20 - REQUEST / GET /product/wish {prdNum=6}
2025-07-23 16:49:20 - RESPONSE / GET /product/wish {prdNum=6}
2025-07-23 16:49:22 - REQUEST / GET /product/wish {prdNum=8}
2025-07-23 16:49:22 - RESPONSE / GET /product/wish {prdNum=8}
2025-07-23 16:49:22 - REQUEST / GET /product/wish {prdNum=9}
2025-07-23 16:49:22 - RESPONSE / GET /product/wish {prdNum=9}
2025-07-23 16:49:23 - REQUEST / GET /product/wish {prdNum=10}
2025-07-23 16:49:23 - RESPONSE / GET /product/wish {prdNum=10}
2025-07-23 16:49:23 - REQUEST / GET /detail {id=11}
2025-07-23 16:49:24 - RESPONSE / GET /detail {id=11}
2025-07-23 16:49:25 - REQUEST / GET /product/wish {prdNum=11}
2025-07-23 16:49:25 - RESPONSE / GET /product/wish {prdNum=11}
2025-07-23 16:49:26 - REQUEST / GET /product/wishlist {}
2025-07-23 16:49:26 - RESPONSE / GET /product/wishlist {}
2025-07-23 16:49:28 - REQUEST / GET /detail {id=7}
2025-07-23 16:49:28 - RESPONSE / GET /detail {id=7}
2025-07-23 16:49:29 - REQUEST / GET /product/wishlist {}
2025-07-23 16:49:29 - RESPONSE / GET /product/wishlist {}
2025-07-23 16:49:30 - REQUEST / GET /product/wish {prdNum=12}
2025-07-23 16:49:30 - RESPONSE / GET /product/wish {prdNum=12}
2025-07-23 16:49:30 - REQUEST / GET /product/wishlist {}
2025-07-23 16:49:30 - RESPONSE / GET /product/wishlist {}
2025-07-23 16:49:31 - REQUEST / GET /product/wish {prdNum=11}
2025-07-23 16:49:31 - RESPONSE / GET /product/wish {prdNum=11}
2025-07-23 16:49:31 - REQUEST / GET /product/wishlist {}
2025-07-23 16:49:31 - RESPONSE / GET /product/wishlist {}
2025-07-23 16:49:31 - REQUEST / GET /product/wish {prdNum=18}
2025-07-23 16:49:31 - RESPONSE / GET /product/wish {prdNum=18}
2025-07-23 16:49:31 - REQUEST / GET /product/wishlist {}
2025-07-23 16:49:31 - RESPONSE / GET /product/wishlist {}
2025-07-23 16:49:31 - REQUEST / GET /product/wish {prdNum=15}
2025-07-23 16:49:31 - RESPONSE / GET /product/wish {prdNum=15}
2025-07-23 16:49:31 - REQUEST / GET /product/wishlist {}
2025-07-23 16:49:31 - RESPONSE / GET /product/wishlist {}
2025-07-23 16:49:31 - REQUEST / GET /product/wish {prdNum=6}
2025-07-23 16:49:31 - RESPONSE / GET /product/wish {prdNum=6}
2025-07-23 16:49:31 - REQUEST / GET /product/wishlist {}
2025-07-23 16:49:31 - RESPONSE / GET /product/wishlist {}
2025-07-23 16:49:31 - REQUEST / GET /product/wish {prdNum=4}
2025-07-23 16:49:31 - RESPONSE / GET /product/wish {prdNum=4}
2025-07-23 16:49:31 - REQUEST / GET /product/wishlist {}
2025-07-23 16:49:31 - RESPONSE / GET /product/wishlist {}
2025-07-23 16:49:32 - REQUEST / GET /product/wish {prdNum=5}
2025-07-23 16:49:32 - RESPONSE / GET /product/wish {prdNum=5}
2025-07-23 16:49:32 - REQUEST / GET /product/wishlist {}
2025-07-23 16:49:32 - RESPONSE / GET /product/wishlist {}
2025-07-23 16:49:32 - REQUEST / GET /product/wish {prdNum=2}
2025-07-23 16:49:32 - RESPONSE / GET /product/wish {prdNum=2}
2025-07-23 16:49:32 - REQUEST / GET /product/wishlist {}
2025-07-23 16:49:32 - RESPONSE / GET /product/wishlist {}
2025-07-23 16:49:32 - REQUEST / GET /product/wish {prdNum=7}
2025-07-23 16:49:32 - RESPONSE / GET /product/wish {prdNum=7}
2025-07-23 16:49:32 - REQUEST / GET /product/wishlist {}
2025-07-23 16:49:32 - RESPONSE / GET /product/wishlist {}
2025-07-23 16:49:33 - REQUEST / GET /product/wish {prdNum=8}
2025-07-23 16:49:33 - RESPONSE / GET /product/wish {prdNum=8}
2025-07-23 16:49:33 - REQUEST / GET /product/wishlist {}
2025-07-23 16:49:33 - RESPONSE / GET /product/wishlist {}
2025-07-23 16:49:33 - REQUEST / GET /product/wish {prdNum=10}
2025-07-23 16:49:33 - RESPONSE / GET /product/wish {prdNum=10}
2025-07-23 16:49:33 - REQUEST / GET /product/wishlist {}
2025-07-23 16:49:33 - RESPONSE / GET /product/wishlist {}
2025-07-23 16:49:35 - REQUEST / GET / {}
2025-07-23 16:49:35 - RESPONSE / GET / {}
2025-07-23 16:49:38 - REQUEST / GET /planingsell {}
2025-07-23 16:49:38 - RESPONSE / GET /planingsell {}
2025-07-23 16:49:39 - REQUEST / GET /planingDetail {id=43, comNum=1}
2025-07-23 16:49:39 - RESPONSE / GET /planingDetail {id=43, comNum=1}
2025-07-23 16:49:44 - REQUEST / GET /product/wishlist {}
2025-07-23 16:49:44 - RESPONSE / GET /product/wishlist {}
2025-07-23 16:50:11 - REQUEST / GET /buy/43 {}
2025-07-23 16:50:11 - RESPONSE / GET /buy/43 {}
2025-07-23 16:50:11 - REQUEST / POST /sameUser {}
2025-07-23 16:50:11 - RESPONSE / POST /sameUser {}
2025-07-23 16:51:45 - REQUEST / GET /buy/planing/43 {}
2025-07-23 16:51:45 - RESPONSE / GET /buy/planing/43 {}
2025-07-23 16:51:45 - REQUEST / POST /sameUser {}
2025-07-23 16:51:45 - RESPONSE / POST /sameUser {}
2025-07-23 17:01:56 - REQUEST / GET /chat {}
2025-07-23 17:01:56 - RESPONSE / GET /chat {}
2025-07-23 17:01:56 - REQUEST / GET /chat/rooms {}
2025-07-23 17:01:56 - RESPONSE / GET /chat/rooms {}
2025-07-23 17:01:57 - REQUEST / GET /error {}
2025-07-23 17:01:57 - RESPONSE / GET /error {}
2025-07-23 17:02:09 - REQUEST / GET /chat {}
2025-07-23 17:02:09 - RESPONSE / GET /chat {}
2025-07-23 17:02:09 - REQUEST / GET /chat/rooms {}
2025-07-23 17:02:09 - RESPONSE / GET /chat/rooms {}
2025-07-23 17:02:21 - REQUEST / GET / {}
2025-07-23 17:02:21 - RESPONSE / GET / {}
2025-07-23 17:02:22 - REQUEST / GET /detail {id=2}
2025-07-23 17:02:22 - RESPONSE / GET /detail {id=2}
2025-07-23 17:02:23 - REQUEST / GET /chat/create {prdNum=2, sellerNum=2}
2025-07-23 17:02:23 - RESPONSE / GET /chat/create {prdNum=2, sellerNum=2}
2025-07-23 17:02:25 - REQUEST / GET /chat {}
2025-07-23 17:02:25 - RESPONSE / GET /chat {}
2025-07-23 17:02:25 - REQUEST / GET /chat/rooms {}
2025-07-23 17:02:25 - RESPONSE / GET /chat/rooms {}
2025-07-23 17:02:38 - REQUEST / GET /error {}
2025-07-23 17:02:38 - RESPONSE / GET /error {}
2025-07-23 17:02:49 - REQUEST / GET / {}
2025-07-23 17:02:50 - RESPONSE / GET / {}
2025-07-23 17:03:30 - REQUEST / GET /detail {id=11}
2025-07-23 17:03:30 - RESPONSE / GET /detail {id=11}
2025-07-23 17:03:37 - REQUEST / GET / {}
2025-07-23 17:03:37 - RESPONSE / GET / {}
2025-07-23 17:03:38 - REQUEST / GET /detail {id=8}
2025-07-23 17:03:38 - RESPONSE / GET /detail {id=8}
2025-07-23 17:03:39 - REQUEST / GET / {}
2025-07-23 17:03:40 - RESPONSE / GET / {}
2025-07-23 17:03:41 - REQUEST / GET /detail {id=P_00000052}
2025-07-23 17:03:41 - RESPONSE / GET /detail {id=P_00000052}
2025-07-23 17:03:44 - REQUEST / GET /search {catNum=10}
2025-07-23 17:03:44 - RESPONSE / GET /search {catNum=10}
2025-07-23 17:03:50 - REQUEST / GET /search {catNum=5}
2025-07-23 17:03:50 - RESPONSE / GET /search {catNum=5}
2025-07-23 17:03:51 - REQUEST / GET /detail {id=P_00000054}
2025-07-23 17:03:51 - RESPONSE / GET /detail {id=P_00000054}
2025-07-23 17:03:58 - REQUEST / GET /chat/create {prdNum=P_00000054, sellerNum=1}
2025-07-23 17:03:58 - RESPONSE / GET /chat/create {prdNum=P_00000054, sellerNum=1}
2025-07-23 17:04:00 - REQUEST / GET /chat {}
2025-07-23 17:04:00 - RESPONSE / GET /chat {}
2025-07-23 17:04:00 - REQUEST / GET /chat/rooms {}
2025-07-23 17:04:00 - RESPONSE / GET /chat/rooms {}
2025-07-23 17:04:02 - REQUEST / GET /error {}
2025-07-23 17:04:02 - RESPONSE / GET /error {}
2025-07-23 17:05:19 - REQUEST / GET /login {}
2025-07-23 17:05:19 - RESPONSE / GET /login {}
2025-07-23 17:05:21 - REQUEST / GET /error {}
2025-07-23 17:05:21 - RESPONSE / GET /error {}
2025-07-23 17:05:23 - REQUEST / GET /login_email {}
2025-07-23 17:05:23 - RESPONSE / GET /login_email {}
2025-07-23 17:05:23 - REQUEST / GET /error {}
2025-07-23 17:05:23 - RESPONSE / GET /error {}
2025-07-23 17:05:29 - REQUEST / POST /loginProcess {}
2025-07-23 17:05:29 - RESPONSE / POST /loginProcess {}
2025-07-23 17:05:29 - REQUEST / GET / {}
2025-07-23 17:05:30 - RESPONSE / GET / {}
2025-07-23 17:05:30 - REQUEST / GET /error {}
2025-07-23 17:05:30 - RESPONSE / GET /error {}
2025-07-23 17:05:32 - REQUEST / GET /chat {}
2025-07-23 17:05:32 - RESPONSE / GET /chat {}
2025-07-23 17:05:32 - REQUEST / GET /chat/rooms {}
2025-07-23 17:05:32 - RESPONSE / GET /chat/rooms {}
2025-07-23 17:05:34 - REQUEST / GET /error {}
2025-07-23 17:05:34 - RESPONSE / GET /error {}
2025-07-23 17:05:36 - REQUEST / GET /error {}
2025-07-23 17:05:36 - RESPONSE / GET /error {}
2025-07-23 17:05:41 - REQUEST / GET /error {}
2025-07-23 17:05:41 - RESPONSE / GET /error {}
2025-07-23 17:05:51 - REQUEST / GET /error {}
2025-07-23 17:05:51 - RESPONSE / GET /error {}
2025-07-23 17:05:53 - REQUEST / GET /error {}
2025-07-23 17:05:53 - RESPONSE / GET /error {}
2025-07-23 17:05:59 - REQUEST / GET /error {}
2025-07-23 17:05:59 - RESPONSE / GET /error {}
2025-07-23 17:06:02 - REQUEST / GET / {}
2025-07-23 17:06:02 - RESPONSE / GET / {}
2025-07-23 17:06:02 - REQUEST / GET /error {}
2025-07-23 17:06:02 - RESPONSE / GET /error {}
2025-07-23 17:06:03 - REQUEST / GET /chat {}
2025-07-23 17:06:03 - RESPONSE / GET /chat {}
2025-07-23 17:06:03 - REQUEST / GET /chat/rooms {}
2025-07-23 17:06:03 - RESPONSE / GET /chat/rooms {}
2025-07-23 17:06:04 - REQUEST / GET /error {}
2025-07-23 17:06:04 - RESPONSE / GET /error {}
2025-07-23 17:07:00 - REQUEST / GET / {}
2025-07-23 17:07:01 - RESPONSE / GET / {}
2025-07-23 17:07:01 - REQUEST / GET /error {}
2025-07-23 17:07:01 - RESPONSE / GET /error {}
2025-07-23 17:07:02 - REQUEST / GET / {}
2025-07-23 17:07:02 - RESPONSE / GET / {}
2025-07-23 17:07:02 - REQUEST / GET /error {}
2025-07-23 17:07:02 - RESPONSE / GET /error {}
2025-07-23 17:07:02 - REQUEST / GET / {}
2025-07-23 17:07:03 - RESPONSE / GET / {}
2025-07-23 17:07:03 - REQUEST / GET /error {}
2025-07-23 17:07:03 - RESPONSE / GET /error {}
2025-07-23 17:07:03 - REQUEST / GET / {}
2025-07-23 17:07:03 - RESPONSE / GET / {}
2025-07-23 17:07:03 - REQUEST / GET /error {}
2025-07-23 17:07:03 - RESPONSE / GET /error {}
2025-07-23 17:07:03 - REQUEST / GET / {}
2025-07-23 17:07:03 - RESPONSE / GET / {}
2025-07-23 17:07:03 - REQUEST / GET /error {}
2025-07-23 17:07:03 - RESPONSE / GET /error {}
2025-07-23 17:07:03 - REQUEST / GET / {}
2025-07-23 17:07:03 - RESPONSE / GET / {}
2025-07-23 17:07:03 - REQUEST / GET /error {}
2025-07-23 17:07:03 - RESPONSE / GET /error {}
2025-07-23 17:07:04 - REQUEST / GET /chat {}
2025-07-23 17:07:04 - RESPONSE / GET /chat {}
2025-07-23 17:07:04 - REQUEST / GET /chat/rooms {}
2025-07-23 17:07:04 - RESPONSE / GET /chat/rooms {}
2025-07-23 17:07:05 - REQUEST / GET /error {}
2025-07-23 17:07:05 - RESPONSE / GET /error {}
2025-07-23 17:08:19 - REQUEST / GET / {}
2025-07-23 17:08:20 - RESPONSE / GET / {}
2025-07-23 17:08:20 - REQUEST / GET /error {}
2025-07-23 17:08:20 - RESPONSE / GET /error {}
2025-07-23 17:08:20 - REQUEST / GET /chat {}
2025-07-23 17:08:20 - RESPONSE / GET /chat {}
2025-07-23 17:08:20 - REQUEST / GET /chat/rooms {}
2025-07-23 17:08:20 - RESPONSE / GET /chat/rooms {}
2025-07-23 17:08:21 - REQUEST / GET /error {}
2025-07-23 17:08:21 - RESPONSE / GET /error {}
2025-07-23 17:10:16 - REQUEST / GET / {}
2025-07-23 17:10:16 - RESPONSE / GET / {}
2025-07-23 17:10:31 - REQUEST / GET / {}
2025-07-23 17:10:31 - RESPONSE / GET / {}
2025-07-23 17:10:32 - REQUEST / GET /login {}
2025-07-23 17:10:32 - RESPONSE / GET /login {}
2025-07-23 17:10:33 - REQUEST / GET /login {}
2025-07-23 17:10:33 - RESPONSE / GET /login {}
2025-07-23 17:10:33 - REQUEST / GET /login_email {}
2025-07-23 17:10:33 - RESPONSE / GET /login_email {}
2025-07-23 17:10:34 - REQUEST / GET /login_email {}
2025-07-23 17:10:34 - RESPONSE / GET /login_email {}
2025-07-23 17:10:37 - REQUEST / POST /loginProcess {}
2025-07-23 17:10:37 - RESPONSE / POST /loginProcess {}
2025-07-23 17:10:37 - REQUEST / GET / {}
2025-07-23 17:10:37 - RESPONSE / GET / {}
2025-07-23 17:10:40 - REQUEST / POST /loginProcess {}
2025-07-23 17:10:40 - RESPONSE / POST /loginProcess {}
2025-07-23 17:10:40 - REQUEST / GET / {}
2025-07-23 17:10:41 - RESPONSE / GET / {}
2025-07-23 17:10:43 - REQUEST / GET /chat {}
2025-07-23 17:10:43 - RESPONSE / GET /chat {}
2025-07-23 17:10:43 - REQUEST / GET /chat/rooms {}
2025-07-23 17:10:43 - RESPONSE / GET /chat/rooms {}
2025-07-23 17:10:44 - REQUEST / GET /chat {}
2025-07-23 17:10:44 - RESPONSE / GET /chat {}
2025-07-23 17:10:44 - REQUEST / GET /chat/rooms {}
2025-07-23 17:10:44 - RESPONSE / GET /chat/rooms {}
2025-07-23 17:10:45 - REQUEST / GET /error {}
2025-07-23 17:10:45 - RESPONSE / GET /error {}
2025-07-23 17:10:48 - REQUEST / GET /error {}
2025-07-23 17:10:48 - RESPONSE / GET /error {}
2025-07-23 17:11:00 - REQUEST / GET / {}
2025-07-23 17:11:00 - RESPONSE / GET / {}
2025-07-23 17:11:03 - REQUEST / GET /login {}
2025-07-23 17:11:03 - RESPONSE / GET /login {}
2025-07-23 17:11:04 - REQUEST / GET /login_email {}
2025-07-23 17:11:04 - RESPONSE / GET /login_email {}
2025-07-23 17:11:06 - REQUEST / POST /loginProcess {}
2025-07-23 17:11:06 - RESPONSE / POST /loginProcess {}
2025-07-23 17:11:06 - REQUEST / GET / {}
2025-07-23 17:11:07 - RESPONSE / GET / {}
2025-07-23 17:11:10 - REQUEST / GET /chat {}
2025-07-23 17:11:10 - RESPONSE / GET /chat {}
2025-07-23 17:11:10 - REQUEST / GET /chat/rooms {}
2025-07-23 17:11:10 - RESPONSE / GET /chat/rooms {}
2025-07-23 17:11:11 - REQUEST / GET /error {}
2025-07-23 17:11:11 - RESPONSE / GET /error {}
2025-07-23 17:11:18 - REQUEST / GET /error {}
2025-07-23 17:11:18 - RESPONSE / GET /error {}
2025-07-23 17:11:38 - REQUEST / GET /error {}
2025-07-23 17:11:38 - RESPONSE / GET /error {}
2025-07-23 17:12:16 - REQUEST / GET / {}
2025-07-23 17:12:17 - RESPONSE / GET / {}
2025-07-23 17:12:20 - REQUEST / GET /detail {id=13}
2025-07-23 17:12:20 - RESPONSE / GET /detail {id=13}
2025-07-23 17:12:37 - REQUEST / GET /admin/login {}
2025-07-23 17:12:37 - RESPONSE / GET /admin/login {}
2025-07-23 17:12:37 - REQUEST / GET /error {}
2025-07-23 17:12:37 - RESPONSE / GET /error {}
2025-07-23 17:12:42 - REQUEST / POST /admin/login {accountType=ADMIN, id=admin01, pass=1234}
2025-07-23 17:12:42 - RESPONSE / POST /admin/login {accountType=ADMIN, id=admin01, pass=1234}
2025-07-23 17:12:42 - REQUEST / GET /admin/home {}
2025-07-23 17:12:42 - RESPONSE / GET /admin/home {}
2025-07-23 17:12:45 - REQUEST / GET /admin/planing/planingList {}
2025-07-23 17:12:45 - RESPONSE / GET /admin/planing/planingList {}
2025-07-23 17:12:45 - REQUEST / GET /admin/login {}
2025-07-23 17:12:45 - RESPONSE / GET /admin/login {}
2025-07-23 17:12:45 - REQUEST / GET /admin/home {}
2025-07-23 17:12:45 - RESPONSE / GET /admin/home {}
2025-07-23 17:12:46 - REQUEST / GET /admin/planing/planingOrderList {}
2025-07-23 17:12:46 - RESPONSE / GET /admin/planing/planingOrderList {}
2025-07-23 17:12:46 - REQUEST / GET /admin/login {}
2025-07-23 17:12:46 - RESPONSE / GET /admin/login {}
2025-07-23 17:12:46 - REQUEST / GET /admin/home {}
2025-07-23 17:12:46 - RESPONSE / GET /admin/home {}
2025-07-23 17:12:47 - REQUEST / GET /admin/planing/planingList {}
2025-07-23 17:12:47 - RESPONSE / GET /admin/planing/planingList {}
2025-07-23 17:12:47 - REQUEST / GET /admin/login {}
2025-07-23 17:12:47 - RESPONSE / GET /admin/login {}
2025-07-23 17:12:47 - REQUEST / GET /admin/home {}
2025-07-23 17:12:47 - RESPONSE / GET /admin/home {}
2025-07-23 17:13:25 - REQUEST / GET /admin/category/categoryList {}
2025-07-23 17:13:26 - RESPONSE / GET /admin/category/categoryList {}
2025-07-23 17:13:54 - REQUEST / GET /admin/category/categoryList {}
2025-07-23 17:13:54 - RESPONSE / GET /admin/category/categoryList {}
2025-07-23 17:13:57 - REQUEST / GET /admin/notice {}
2025-07-23 17:13:57 - RESPONSE / GET /admin/notice {}
2025-07-23 17:13:58 - REQUEST / GET /admin/notice {}
2025-07-23 17:13:58 - RESPONSE / GET /admin/notice {}
2025-07-23 17:17:03 - REQUEST / GET /admin/login {}
2025-07-23 17:17:03 - RESPONSE / GET /admin/login {}
2025-07-23 17:17:06 - REQUEST / POST /admin/login {accountType=ADMIN, id=admin01, pass=1234}
2025-07-23 17:17:06 - RESPONSE / POST /admin/login {accountType=ADMIN, id=admin01, pass=1234}
2025-07-23 17:17:06 - REQUEST / GET /admin/home {}
2025-07-23 17:17:06 - RESPONSE / GET /admin/home {}
2025-07-23 17:17:09 - REQUEST / GET /admin/planing/planingList {}
2025-07-23 17:17:09 - RESPONSE / GET /admin/planing/planingList {}
2025-07-23 17:17:09 - REQUEST / GET /admin/login {}
2025-07-23 17:17:09 - RESPONSE / GET /admin/login {}
2025-07-23 17:17:09 - REQUEST / GET /admin/home {}
2025-07-23 17:17:09 - RESPONSE / GET /admin/home {}
2025-07-23 17:18:36 - REQUEST / GET /admin/notice {}
2025-07-23 17:18:36 - RESPONSE / GET /admin/notice {}
2025-07-23 17:22:23 - REQUEST / GET /admin/login {}
2025-07-23 17:22:23 - RESPONSE / GET /admin/login {}
2025-07-23 17:22:26 - REQUEST / POST /admin/login {accountType=ADMIN, id=admin01, pass=1234}
2025-07-23 17:22:26 - RESPONSE / POST /admin/login {accountType=ADMIN, id=admin01, pass=1234}
2025-07-23 17:22:26 - REQUEST / GET /admin/home {}
2025-07-23 17:22:26 - RESPONSE / GET /admin/home {}
2025-07-23 17:22:29 - REQUEST / GET /admin/notice {}
2025-07-23 17:22:29 - RESPONSE / GET /admin/notice {}
2025-07-23 17:22:30 - REQUEST / GET /admin/notice/add {}
2025-07-23 17:22:30 - RESPONSE / GET /admin/notice/add {}
2025-07-23 17:23:54 - REQUEST / GET /admin/login {}
2025-07-23 17:23:54 - RESPONSE / GET /admin/login {}
2025-07-23 17:24:00 - REQUEST / POST /admin/login {accountType=ADMIN, id=admin01, pass=1234}
2025-07-23 17:24:00 - RESPONSE / POST /admin/login {accountType=ADMIN, id=admin01, pass=1234}
2025-07-23 17:24:00 - REQUEST / GET /admin/home {}
2025-07-23 17:24:00 - RESPONSE / GET /admin/home {}
2025-07-23 17:24:03 - REQUEST / GET /admin/notice {}
2025-07-23 17:24:03 - RESPONSE / GET /admin/notice {}
2025-07-23 17:24:06 - REQUEST / GET /admin/faq {}
2025-07-23 17:24:06 - RESPONSE / GET /admin/faq {}
2025-07-23 17:24:07 - REQUEST / GET /admin/notice {}
2025-07-23 17:24:07 - RESPONSE / GET /admin/notice {}
2025-07-23 17:24:08 - REQUEST / GET /admin/notice {}
2025-07-23 17:24:08 - RESPONSE / GET /admin/notice {}
2025-07-23 17:24:09 - REQUEST / GET /admin/planing/planingList {}
2025-07-23 17:24:09 - RESPONSE / GET /admin/planing/planingList {}
2025-07-23 17:24:09 - REQUEST / GET /admin/login {}
2025-07-23 17:24:09 - RESPONSE / GET /admin/login {}
2025-07-23 17:24:09 - REQUEST / GET /admin/home {}
2025-07-23 17:24:09 - RESPONSE / GET /admin/home {}
2025-07-23 17:24:10 - REQUEST / GET /admin/notice {}
2025-07-23 17:24:10 - RESPONSE / GET /admin/notice {}
2025-07-23 17:24:12 - REQUEST / GET /admin/userProduct {}
2025-07-23 17:24:12 - RESPONSE / GET /admin/userProduct {}
2025-07-23 17:24:14 - REQUEST / GET /admin/notice {}
2025-07-23 17:24:14 - RESPONSE / GET /admin/notice {}
2025-07-23 17:25:56 - REQUEST / GET /admin/login {}
2025-07-23 17:25:56 - RESPONSE / GET /admin/login {}
2025-07-23 17:25:59 - REQUEST / POST /admin/login {accountType=ADMIN, id=admin01, pass=1234}
2025-07-23 17:25:59 - RESPONSE / POST /admin/login {accountType=ADMIN, id=admin01, pass=1234}
2025-07-23 17:25:59 - REQUEST / GET /admin/home {}
2025-07-23 17:25:59 - RESPONSE / GET /admin/home {}
2025-07-23 17:26:47 - REQUEST / GET /admin/faq {}
2025-07-23 17:26:47 - RESPONSE / GET /admin/faq {}
2025-07-23 17:26:48 - REQUEST / GET /admin/notice {}
2025-07-23 17:26:48 - RESPONSE / GET /admin/notice {}
2025-07-23 17:26:49 - REQUEST / GET /admin/inquiry {}
2025-07-23 17:26:49 - RESPONSE / GET /admin/inquiry {}
2025-07-23 17:26:50 - REQUEST / GET /admin/inquiry {}
2025-07-23 17:26:50 - RESPONSE / GET /admin/inquiry {}
2025-07-23 17:26:50 - REQUEST / GET /admin/notice {}
2025-07-23 17:26:50 - RESPONSE / GET /admin/notice {}
2025-07-23 17:26:55 - REQUEST / GET /admin/notice {}
2025-07-23 17:26:55 - RESPONSE / GET /admin/notice {}
2025-07-23 17:26:56 - REQUEST / GET /admin/inquiry {}
2025-07-23 17:26:56 - RESPONSE / GET /admin/inquiry {}
2025-07-23 17:26:57 - REQUEST / GET /admin/notice {}
2025-07-23 17:26:57 - RESPONSE / GET /admin/notice {}
2025-07-23 17:26:58 - REQUEST / GET /admin/faq {}
2025-07-23 17:26:58 - RESPONSE / GET /admin/faq {}
2025-07-23 17:26:58 - REQUEST / GET /admin/notice {}
2025-07-23 17:26:58 - RESPONSE / GET /admin/notice {}
2025-07-23 17:26:59 - REQUEST / GET /admin/event {}
2025-07-23 17:26:59 - RESPONSE / GET /admin/event {}
2025-07-23 17:27:00 - REQUEST / GET /admin/notice {}
2025-07-23 17:27:00 - RESPONSE / GET /admin/notice {}
2025-07-23 17:27:01 - REQUEST / GET /admin/notice {}
2025-07-23 17:27:01 - RESPONSE / GET /admin/notice {}
2025-07-23 17:27:01 - REQUEST / GET /admin/notice {}
2025-07-23 17:27:01 - RESPONSE / GET /admin/notice {}
2025-07-23 17:28:20 - REQUEST / GET /admin/login {}
2025-07-23 17:28:20 - RESPONSE / GET /admin/login {}
2025-07-23 17:28:23 - REQUEST / POST /admin/login {accountType=ADMIN, id=admin01, pass=1234}
2025-07-23 17:28:23 - RESPONSE / POST /admin/login {accountType=ADMIN, id=admin01, pass=1234}
2025-07-23 17:28:23 - REQUEST / GET /admin/home {}
2025-07-23 17:28:23 - RESPONSE / GET /admin/home {}
2025-07-23 17:28:26 - REQUEST / GET /admin/inquiry {}
2025-07-23 17:28:26 - RESPONSE / GET /admin/inquiry {}
2025-07-23 17:28:26 - REQUEST / GET /admin/notice {}
2025-07-23 17:28:26 - RESPONSE / GET /admin/notice {}
2025-07-23 17:28:27 - REQUEST / GET /admin/inquiry {}
2025-07-23 17:28:27 - RESPONSE / GET /admin/inquiry {}
2025-07-23 17:28:28 - REQUEST / GET /admin/notice {}
2025-07-23 17:28:28 - RESPONSE / GET /admin/notice {}
2025-07-23 17:28:28 - REQUEST / GET /admin/inquiry {}
2025-07-23 17:28:28 - RESPONSE / GET /admin/inquiry {}
2025-07-23 17:28:29 - REQUEST / GET /admin/inquiry/answer/81 {}
2025-07-23 17:28:29 - RESPONSE / GET /admin/inquiry/answer/81 {}
2025-07-23 17:28:36 - REQUEST / GET /admin/inquiry {}
2025-07-23 17:28:36 - RESPONSE / GET /admin/inquiry {}
2025-07-23 17:28:37 - REQUEST / GET /admin/inquiry {}
2025-07-23 17:28:37 - RESPONSE / GET /admin/inquiry {}
2025-07-23 17:28:37 - REQUEST / GET /admin/notice {}
2025-07-23 17:28:37 - RESPONSE / GET /admin/notice {}
2025-07-23 17:28:38 - REQUEST / GET /admin/notice {}
2025-07-23 17:28:38 - RESPONSE / GET /admin/notice {}
2025-07-23 17:28:38 - REQUEST / GET /admin/notice {}
2025-07-23 17:28:38 - RESPONSE / GET /admin/notice {}
2025-07-23 17:28:38 - REQUEST / GET /admin/inquiry {}
2025-07-23 17:28:38 - RESPONSE / GET /admin/inquiry {}
2025-07-23 17:28:38 - REQUEST / GET /admin/inquiry {}
2025-07-23 17:28:38 - RESPONSE / GET /admin/inquiry {}
2025-07-23 17:28:39 - REQUEST / GET /admin/inquiry {}
2025-07-23 17:28:39 - RESPONSE / GET /admin/inquiry {}
2025-07-23 17:30:57 - REQUEST / GET /admin/login {}
2025-07-23 17:30:57 - RESPONSE / GET /admin/login {}
2025-07-23 17:31:00 - REQUEST / POST /admin/login {accountType=ADMIN, id=admin01, pass=1234}
2025-07-23 17:31:00 - RESPONSE / POST /admin/login {accountType=ADMIN, id=admin01, pass=1234}
2025-07-23 17:31:00 - REQUEST / GET /admin/home {}
2025-07-23 17:31:00 - RESPONSE / GET /admin/home {}
2025-07-23 17:31:02 - REQUEST / GET /admin/notice {}
2025-07-23 17:31:02 - RESPONSE / GET /admin/notice {}
2025-07-23 17:31:03 - REQUEST / GET /admin/faq {}
2025-07-23 17:31:03 - RESPONSE / GET /admin/faq {}
2025-07-23 17:31:03 - REQUEST / GET /admin/inquiry {}
2025-07-23 17:31:03 - RESPONSE / GET /admin/inquiry {}
2025-07-23 17:31:04 - REQUEST / GET /admin/faq {}
2025-07-23 17:31:04 - RESPONSE / GET /admin/faq {}
2025-07-23 17:31:04 - REQUEST / GET /admin/notice {}
2025-07-23 17:31:04 - RESPONSE / GET /admin/notice {}
2025-07-23 17:31:04 - REQUEST / GET /admin/faq {}
2025-07-23 17:31:04 - RESPONSE / GET /admin/faq {}
2025-07-23 17:31:05 - REQUEST / GET /admin/inquiry {}
2025-07-23 17:31:05 - RESPONSE / GET /admin/inquiry {}
2025-07-23 17:31:05 - REQUEST / GET /admin/faq {}
2025-07-23 17:31:05 - RESPONSE / GET /admin/faq {}
2025-07-23 17:31:05 - REQUEST / GET /admin/notice {}
2025-07-23 17:31:05 - RESPONSE / GET /admin/notice {}
2025-07-23 17:31:05 - REQUEST / GET /admin/faq {}
2025-07-23 17:31:05 - RESPONSE / GET /admin/faq {}
2025-07-23 17:31:06 - REQUEST / GET /admin/inquiry {}
2025-07-23 17:31:06 - RESPONSE / GET /admin/inquiry {}
2025-07-23 17:31:06 - REQUEST / GET /admin/faq {}
2025-07-23 17:31:06 - RESPONSE / GET /admin/faq {}
2025-07-23 17:31:06 - REQUEST / GET /admin/notice {}
2025-07-23 17:31:06 - RESPONSE / GET /admin/notice {}
2025-07-23 17:31:07 - REQUEST / GET /admin/faq {}
2025-07-23 17:31:07 - RESPONSE / GET /admin/faq {}
2025-07-23 17:31:07 - REQUEST / GET /admin/inquiry {}
2025-07-23 17:31:07 - RESPONSE / GET /admin/inquiry {}
2025-07-23 17:31:08 - REQUEST / GET /admin/notice {}
2025-07-23 17:31:08 - RESPONSE / GET /admin/notice {}
2025-07-23 17:31:08 - REQUEST / GET /admin/inquiry {}
2025-07-23 17:31:08 - RESPONSE / GET /admin/inquiry {}
2025-07-23 17:31:09 - REQUEST / GET /admin/notice {}
2025-07-23 17:31:09 - RESPONSE / GET /admin/notice {}
2025-07-23 17:31:14 - REQUEST / GET /admin/notice/add {}
2025-07-23 17:31:14 - RESPONSE / GET /admin/notice/add {}
2025-07-23 17:31:17 - REQUEST / GET /admin/notice {}
2025-07-23 17:31:17 - RESPONSE / GET /admin/notice {}
2025-07-23 17:31:18 - REQUEST / GET /admin/notice/add {}
2025-07-23 17:31:18 - RESPONSE / GET /admin/notice/add {}
2025-07-23 17:31:20 - REQUEST / GET /admin/notice {}
2025-07-23 17:31:20 - RESPONSE / GET /admin/notice {}
2025-07-23 17:31:56 - REQUEST / GET /admin/notice {}
2025-07-23 17:31:56 - RESPONSE / GET /admin/notice {}
2025-07-23 17:31:57 - REQUEST / GET /admin/notice {}
2025-07-23 17:31:57 - RESPONSE / GET /admin/notice {}
2025-07-23 17:31:57 - REQUEST / GET /admin/faq {}
2025-07-23 17:31:57 - RESPONSE / GET /admin/faq {}
2025-07-23 17:31:57 - REQUEST / GET /admin/notice {}
2025-07-23 17:31:57 - RESPONSE / GET /admin/notice {}
2025-07-23 17:31:58 - REQUEST / GET /admin/faq {}
2025-07-23 17:31:58 - RESPONSE / GET /admin/faq {}
2025-07-23 17:31:58 - REQUEST / GET /admin/inquiry {}
2025-07-23 17:31:58 - RESPONSE / GET /admin/inquiry {}
2025-07-23 17:31:58 - REQUEST / GET /admin/faq {}
2025-07-23 17:31:58 - RESPONSE / GET /admin/faq {}
2025-07-23 17:31:59 - REQUEST / GET /admin/notice {}
2025-07-23 17:31:59 - RESPONSE / GET /admin/notice {}
2025-07-23 17:31:59 - REQUEST / GET /admin/faq {}
2025-07-23 17:31:59 - RESPONSE / GET /admin/faq {}
2025-07-23 17:31:59 - REQUEST / GET /admin/inquiry {}
2025-07-23 17:31:59 - RESPONSE / GET /admin/inquiry {}
2025-07-23 17:32:00 - REQUEST / GET /admin/faq {}
2025-07-23 17:32:00 - RESPONSE / GET /admin/faq {}
2025-07-23 17:32:00 - REQUEST / GET /admin/notice {}
2025-07-23 17:32:00 - RESPONSE / GET /admin/notice {}
2025-07-23 17:32:06 - REQUEST / GET /admin/notice {}
2025-07-23 17:32:06 - RESPONSE / GET /admin/notice {}
2025-07-23 17:32:38 - REQUEST / GET /admin/login {}
2025-07-23 17:32:38 - RESPONSE / GET /admin/login {}
2025-07-23 17:32:42 - REQUEST / POST /admin/login {accountType=ADMIN, id=admin01, pass=1234}
2025-07-23 17:32:42 - RESPONSE / POST /admin/login {accountType=ADMIN, id=admin01, pass=1234}
2025-07-23 17:32:42 - REQUEST / GET /admin/home {}
2025-07-23 17:32:42 - RESPONSE / GET /admin/home {}
2025-07-23 17:32:44 - REQUEST / GET /admin/notice {}
2025-07-23 17:32:44 - RESPONSE / GET /admin/notice {}
2025-07-23 17:32:45 - REQUEST / GET /admin/notice/add {}
2025-07-23 17:32:45 - RESPONSE / GET /admin/notice/add {}
2025-07-23 17:32:48 - REQUEST / GET /admin/notice {}
2025-07-23 17:32:48 - RESPONSE / GET /admin/notice {}
2025-07-23 17:32:48 - REQUEST / GET /admin/notice/add {}
2025-07-23 17:32:48 - RESPONSE / GET /admin/notice/add {}
2025-07-23 17:32:49 - REQUEST / GET /admin/notice {}
2025-07-23 17:32:49 - RESPONSE / GET /admin/notice {}
2025-07-23 17:32:50 - REQUEST / GET /admin/notice/add {}
2025-07-23 17:32:50 - RESPONSE / GET /admin/notice/add {}
2025-07-23 17:32:51 - REQUEST / GET /admin/notice {}
2025-07-23 17:32:51 - RESPONSE / GET /admin/notice {}
2025-07-23 17:32:52 - REQUEST / GET /admin/faq {}
2025-07-23 17:32:52 - RESPONSE / GET /admin/faq {}
2025-07-23 17:32:52 - REQUEST / GET /admin/notice {}
2025-07-23 17:32:52 - RESPONSE / GET /admin/notice {}
2025-07-23 17:32:53 - REQUEST / GET /admin/faq {}
2025-07-23 17:32:53 - RESPONSE / GET /admin/faq {}
2025-07-23 17:32:53 - REQUEST / GET /admin/notice {}
2025-07-23 17:32:53 - RESPONSE / GET /admin/notice {}
2025-07-23 17:32:54 - REQUEST / GET /admin/inquiry {}
2025-07-23 17:32:54 - RESPONSE / GET /admin/inquiry {}
2025-07-23 17:32:54 - REQUEST / GET /admin/faq {}
2025-07-23 17:32:54 - RESPONSE / GET /admin/faq {}
2025-07-23 17:32:54 - REQUEST / GET /admin/notice {}
2025-07-23 17:32:54 - RESPONSE / GET /admin/notice {}
2025-07-23 17:32:55 - REQUEST / GET /admin/faq {}
2025-07-23 17:32:55 - RESPONSE / GET /admin/faq {}
2025-07-23 17:32:55 - REQUEST / GET /admin/notice {}
2025-07-23 17:32:55 - RESPONSE / GET /admin/notice {}
2025-07-23 17:32:56 - REQUEST / GET /admin/faq {}
2025-07-23 17:32:56 - RESPONSE / GET /admin/faq {}
2025-07-23 17:32:56 - REQUEST / GET /admin/notice {}
2025-07-23 17:32:56 - RESPONSE / GET /admin/notice {}
2025-07-23 17:35:36 - REQUEST / GET /admin/inquiry {}
2025-07-23 17:35:36 - RESPONSE / GET /admin/inquiry {}
2025-07-23 17:35:36 - REQUEST / GET /admin/event {}
2025-07-23 17:35:36 - RESPONSE / GET /admin/event {}
2025-07-23 17:37:43 - REQUEST / GET /admin/login {}
2025-07-23 17:37:43 - RESPONSE / GET /admin/login {}
2025-07-23 17:37:46 - REQUEST / POST /admin/login {accountType=ADMIN, id=admin01, pass=1234}
2025-07-23 17:37:46 - RESPONSE / POST /admin/login {accountType=ADMIN, id=admin01, pass=1234}
2025-07-23 17:37:46 - REQUEST / GET /admin/home {}
2025-07-23 17:37:46 - RESPONSE / GET /admin/home {}
2025-07-23 17:37:49 - REQUEST / GET /admin/notice {}
2025-07-23 17:37:49 - RESPONSE / GET /admin/notice {}
2025-07-23 17:37:50 - REQUEST / GET /admin/faq {}
2025-07-23 17:37:50 - RESPONSE / GET /admin/faq {}
2025-07-23 17:37:50 - REQUEST / GET /admin/inquiry {}
2025-07-23 17:37:50 - RESPONSE / GET /admin/inquiry {}
2025-07-23 17:37:50 - REQUEST / GET /admin/event {}
2025-07-23 17:37:51 - RESPONSE / GET /admin/event {}
2025-07-23 17:37:59 - REQUEST / GET /admin/event {}
2025-07-23 17:38:00 - RESPONSE / GET /admin/event {}
2025-07-23 17:38:01 - REQUEST / GET /admin/login {}
2025-07-23 17:38:01 - RESPONSE / GET /admin/login {}
2025-07-23 17:38:04 - REQUEST / POST /admin/login {accountType=ADMIN, id=admin01, pass=1234}
2025-07-23 17:38:04 - RESPONSE / POST /admin/login {accountType=ADMIN, id=admin01, pass=1234}
2025-07-23 17:38:04 - REQUEST / GET /admin/home {}
2025-07-23 17:38:04 - RESPONSE / GET /admin/home {}
2025-07-23 17:38:08 - REQUEST / GET /admin/notice {}
2025-07-23 17:38:08 - RESPONSE / GET /admin/notice {}
2025-07-23 17:38:08 - REQUEST / GET /admin/faq {}
2025-07-23 17:38:08 - RESPONSE / GET /admin/faq {}
2025-07-23 17:38:08 - REQUEST / GET /admin/inquiry {}
2025-07-23 17:38:08 - RESPONSE / GET /admin/inquiry {}
2025-07-23 17:38:09 - REQUEST / GET /admin/event {}
2025-07-23 17:38:09 - RESPONSE / GET /admin/event {}
2025-07-23 17:38:09 - REQUEST / GET /admin/inquiry {}
2025-07-23 17:38:09 - RESPONSE / GET /admin/inquiry {}
2025-07-23 17:38:09 - REQUEST / GET /admin/event {}
2025-07-23 17:38:09 - RESPONSE / GET /admin/event {}
2025-07-23 17:38:10 - REQUEST / GET /admin/event/add {}
2025-07-23 17:38:10 - RESPONSE / GET /admin/event/add {}
2025-07-23 17:39:35 - REQUEST / GET / {}
2025-07-23 17:39:35 - RESPONSE / GET / {}
2025-07-23 17:40:26 - REQUEST / GET /anticheat {}
2025-07-23 17:40:26 - RESPONSE / GET /anticheat {}
2025-07-23 17:40:26 - REQUEST / GET /api/anticheat/real-time-monitoring {}
2025-07-23 17:40:26 - RESPONSE / GET /api/anticheat/real-time-monitoring {}
2025-07-23 17:40:26 - REQUEST / GET /planingsell {}
2025-07-23 17:40:26 - RESPONSE / GET /planingsell {}
2025-07-23 17:40:27 - REQUEST / GET /planingDetail {id=43, comNum=1}
2025-07-23 17:40:27 - RESPONSE / GET /planingDetail {id=43, comNum=1}
2025-07-23 17:40:28 - REQUEST / GET /buy/43 {}
2025-07-23 17:40:28 - RESPONSE / GET /buy/43 {}
2025-07-23 17:40:28 - REQUEST / POST /sameUser {}
2025-07-23 17:40:28 - RESPONSE / POST /sameUser {}
2025-07-23 17:40:29 - REQUEST / GET /planingDetail {id=43, comNum=1}
2025-07-23 17:40:29 - RESPONSE / GET /planingDetail {id=43, comNum=1}
2025-07-23 17:40:30 - REQUEST / GET /login {}
2025-07-23 17:40:30 - RESPONSE / GET /login {}
2025-07-23 17:40:32 - REQUEST / GET /planingsell {}
2025-07-23 17:40:32 - RESPONSE / GET /planingsell {}
2025-07-23 17:40:33 - REQUEST / GET /planingDetail {id=P_00000168, comNum=1}
2025-07-23 17:40:33 - RESPONSE / GET /planingDetail {id=P_00000168, comNum=1}
2025-07-23 17:40:33 - REQUEST / GET /buy/P_00000168 {}
2025-07-23 17:40:33 - RESPONSE / GET /buy/P_00000168 {}
2025-07-23 17:40:33 - REQUEST / POST /sameUser {}
2025-07-23 17:40:33 - RESPONSE / POST /sameUser {}
2025-07-23 17:43:48 - REQUEST / GET / {}
2025-07-23 17:43:48 - RESPONSE / GET / {}
2025-07-23 17:43:55 - REQUEST / GET / {}
2025-07-23 17:43:55 - RESPONSE / GET / {}
2025-07-23 17:44:02 - REQUEST / GET /admin/login {}
2025-07-23 17:44:02 - RESPONSE / GET /admin/login {}
2025-07-23 17:44:03 - REQUEST / GET /admin/login {}
2025-07-23 17:44:03 - RESPONSE / GET /admin/login {}
2025-07-23 17:44:03 - REQUEST / GET /error {}
2025-07-23 17:44:03 - RESPONSE / GET /error {}
2025-07-23 17:44:07 - REQUEST / POST /admin/login {accountType=ADMIN, id=admin01, pass=1234}
2025-07-23 17:44:07 - RESPONSE / POST /admin/login {accountType=ADMIN, id=admin01, pass=1234}
2025-07-23 17:44:07 - REQUEST / GET /admin/home {}
2025-07-23 17:44:07 - RESPONSE / GET /admin/home {}
2025-07-23 17:44:09 - REQUEST / GET /admin/notice {}
2025-07-23 17:44:09 - RESPONSE / GET /admin/notice {}
2025-07-23 17:44:10 - REQUEST / GET /admin/faq {}
2025-07-23 17:44:10 - RESPONSE / GET /admin/faq {}
2025-07-23 17:46:02 - REQUEST / GET /admin/login {}
2025-07-23 17:46:02 - RESPONSE / GET /admin/login {}
2025-07-23 17:46:05 - REQUEST / POST /admin/login {accountType=ADMIN, id=admin01, pass=1234}
2025-07-23 17:46:05 - RESPONSE / POST /admin/login {accountType=ADMIN, id=admin01, pass=1234}
2025-07-23 17:46:05 - REQUEST / GET /admin/home {}
2025-07-23 17:46:05 - RESPONSE / GET /admin/home {}
2025-07-23 17:46:07 - REQUEST / GET /admin/notice {}
2025-07-23 17:46:07 - RESPONSE / GET /admin/notice {}
2025-07-23 17:46:08 - REQUEST / GET /admin/notice/add {}
2025-07-23 17:46:08 - RESPONSE / GET /admin/notice/add {}
2025-07-23 17:46:09 - REQUEST / GET /admin/faq {}
2025-07-23 17:46:09 - RESPONSE / GET /admin/faq {}
2025-07-23 17:46:10 - REQUEST / GET /admin/faq/add {}
2025-07-23 17:46:10 - RESPONSE / GET /admin/faq/add {}
2025-07-23 17:46:11 - REQUEST / GET /admin/planing/planingList {}
2025-07-23 17:46:11 - RESPONSE / GET /admin/planing/planingList {}
2025-07-23 17:46:11 - REQUEST / GET /admin/login {}
2025-07-23 17:46:11 - RESPONSE / GET /admin/login {}
2025-07-23 17:46:11 - REQUEST / GET /admin/home {}
2025-07-23 17:46:11 - RESPONSE / GET /admin/home {}
2025-07-23 17:46:12 - REQUEST / GET /admin/userProduct {}
2025-07-23 17:46:12 - RESPONSE / GET /admin/userProduct {}
2025-07-23 17:46:13 - REQUEST / GET /admin/userProduct/list {statusFilter=all, hideFilter=, searchType=title, catNum=, keyword=}
2025-07-23 17:46:13 - RESPONSE / GET /admin/userProduct/list {statusFilter=all, hideFilter=, searchType=title, catNum=, keyword=}
2025-07-23 17:46:15 - REQUEST / GET /admin/userProduct/list {pageNum=3, pageSize=15, searchType=title, keyword=, catNum=, statusFilter=all, hideFilter=}
2025-07-23 17:46:15 - RESPONSE / GET /admin/userProduct/list {pageNum=3, pageSize=15, searchType=title, keyword=, catNum=, statusFilter=all, hideFilter=}
2025-07-23 17:46:15 - REQUEST / GET /admin/userTrade {}
2025-07-23 17:46:15 - RESPONSE / GET /admin/userTrade {}
2025-07-23 17:46:16 - REQUEST / GET /admin/account/users {}
2025-07-23 17:46:16 - RESPONSE / GET /admin/account/users {}
2025-07-23 17:46:18 - REQUEST / GET /admin/account/userAdd {}
2025-07-23 17:46:18 - RESPONSE / GET /admin/account/userAdd {}
2025-07-23 17:46:27 - REQUEST / GET /admin/account/users {}
2025-07-23 17:46:27 - RESPONSE / GET /admin/account/users {}
2025-07-23 17:46:28 - REQUEST / GET /admin/account/users {}
2025-07-23 17:46:28 - RESPONSE / GET /admin/account/users {}
2025-07-23 17:46:29 - REQUEST / GET /admin/account/admins {}
2025-07-23 17:46:29 - RESPONSE / GET /admin/account/admins {}
2025-07-23 17:46:30 - REQUEST / GET /admin/account/adminAdd {}
2025-07-23 17:46:30 - RESPONSE / GET /admin/account/adminAdd {}
2025-07-23 17:46:32 - REQUEST / GET /admin/account/admins {}
2025-07-23 17:46:32 - RESPONSE / GET /admin/account/admins {}
2025-07-23 17:46:33 - REQUEST / GET /admin/account/adminAdd {}
2025-07-23 17:46:33 - RESPONSE / GET /admin/account/adminAdd {}
2025-07-23 17:46:34 - REQUEST / GET /admin/account/admins {}
2025-07-23 17:46:34 - RESPONSE / GET /admin/account/admins {}
